<?xml version="1.0" encoding="UTF-8"?>
<testsuite xmlns:xsi="http://www.w3.org/2001/XMLSchema-instance" xsi:noNamespaceSchemaLocation="https://maven.apache.org/surefire/maven-failsafe-plugin/xsd/failsafe-test-report.xsd" name="com.test.rest.api.SerenityTest" time="14.926" tests="3" errors="0" skipped="0" failures="3">
  <properties>
    <property name="awt.toolkit" value="sun.lwawt.macosx.LWCToolkit"/>
    <property name="java.specification.version" value="12"/>
    <property name="sun.jnu.encoding" value="UTF-8"/>
    <property name="java.class.path" value="/Users/rakeshprabhakaran/rakesh/java_test/test_project/target/test-classes:/Users/rakeshprabhakaran/rakesh/java_test/test_project/target/serenity-rest-assured-automation-0.0.1-SNAPSHOT.jar:/Users/rakeshprabhakaran/.m2/repository/net/serenity-bdd/serenity-core/2.0.69/serenity-core-2.0.69.jar:/Users/rakeshprabhakaran/.m2/repository/net/bytebuddy/byte-buddy/1.9.12/byte-buddy-1.9.12.jar:/Users/rakeshprabhakaran/.m2/repository/net/bytebuddy/byte-buddy-agent/1.9.12/byte-buddy-agent-1.9.12.jar:/Users/rakeshprabhakaran/.m2/repository/com/google/guava/guava/25.0-jre/guava-25.0-jre.jar:/Users/rakeshprabhakaran/.m2/repository/com/google/code/findbugs/jsr305/1.3.9/jsr305-1.3.9.jar:/Users/rakeshprabhakaran/.m2/repository/org/checkerframework/checker-compat-qual/2.0.0/checker-compat-qual-2.0.0.jar:/Users/rakeshprabhakaran/.m2/repository/com/google/errorprone/error_prone_annotations/2.1.3/error_prone_annotations-2.1.3.jar:/Users/rakeshprabhakaran/.m2/repository/com/google/j2objc/j2objc-annotations/1.1/j2objc-annotations-1.1.jar:/Users/rakeshprabhakaran/.m2/repository/org/codehaus/mojo/animal-sniffer-annotations/1.14/animal-sniffer-annotations-1.14.jar:/Users/rakeshprabhakaran/.m2/repository/com/google/inject/guice/4.2.2/guice-4.2.2.jar:/Users/rakeshprabhakaran/.m2/repository/javax/inject/javax.inject/1/javax.inject-1.jar:/Users/rakeshprabhakaran/.m2/repository/aopalliance/aopalliance/1.0/aopalliance-1.0.jar:/Users/rakeshprabhakaran/.m2/repository/cglib/cglib/3.2.5/cglib-3.2.5.jar:/Users/rakeshprabhakaran/.m2/repository/org/ow2/asm/asm/5.0.3/asm-5.0.3.jar:/Users/rakeshprabhakaran/.m2/repository/commons-codec/commons-codec/1.10/commons-codec-1.10.jar:/Users/rakeshprabhakaran/.m2/repository/org/objenesis/objenesis/2.6/objenesis-2.6.jar:/Users/rakeshprabhakaran/.m2/repository/org/slf4j/slf4j-api/1.7.25/slf4j-api-1.7.25.jar:/Users/rakeshprabhakaran/.m2/repository/xml-apis/xml-apis/1.4.01/xml-apis-1.4.01.jar:/Users/rakeshprabhakaran/.m2/repository/io/cucumber/cucumber-core/2.4.0/cucumber-core-2.4.0.jar:/Users/rakeshprabhakaran/.m2/repository/info/cukes/cucumber-html/0.2.6/cucumber-html-0.2.6.jar:/Users/rakeshprabhakaran/.m2/repository/io/cucumber/cucumber-jvm-deps/1.0.6/cucumber-jvm-deps-1.0.6.jar:/Users/rakeshprabhakaran/.m2/repository/io/cucumber/gherkin/5.0.0/gherkin-5.0.0.jar:/Users/rakeshprabhakaran/.m2/repository/io/cucumber/tag-expressions/1.1.1/tag-expressions-1.1.1.jar:/Users/rakeshprabhakaran/.m2/repository/commons-logging/commons-logging/1.2/commons-logging-1.2.jar:/Users/rakeshprabhakaran/.m2/repository/io/vavr/vavr/0.9.0/vavr-0.9.0.jar:/Users/rakeshprabhakaran/.m2/repository/io/vavr/vavr-match/0.9.0/vavr-match-0.9.0.jar:/Users/rakeshprabhakaran/.m2/repository/javax/xml/bind/jaxb-api/2.2.12/jaxb-api-2.2.12.jar:/Users/rakeshprabhakaran/.m2/repository/com/sun/xml/bind/jaxb-core/2.3.0.1/jaxb-core-2.3.0.1.jar:/Users/rakeshprabhakaran/.m2/repository/com/sun/xml/bind/jaxb-impl/2.3.0.1/jaxb-impl-2.3.0.1.jar:/Users/rakeshprabhakaran/.m2/repository/javax/activation/activation/1.1.1/activation-1.1.1.jar:/Users/rakeshprabhakaran/.m2/repository/org/mockito/mockito-core/2.25.0/mockito-core-2.25.0.jar:/Users/rakeshprabhakaran/.m2/repository/net/serenity-bdd/serenity-report-resources/2.0.69/serenity-report-resources-2.0.69.jar:/Users/rakeshprabhakaran/.m2/repository/net/serenity-bdd/serenity-model/2.0.69/serenity-model-2.0.69.jar:/Users/rakeshprabhakaran/.m2/repository/commons-net/commons-net/3.6/commons-net-3.6.jar:/Users/rakeshprabhakaran/.m2/repository/org/apache/commons/commons-text/1.6/commons-text-1.6.jar:/Users/rakeshprabhakaran/.m2/repository/net/serenity-bdd/serenity-reports/2.0.69/serenity-reports-2.0.69.jar:/Users/rakeshprabhakaran/.m2/repository/net/serenity-bdd/serenity-stats/2.0.69/serenity-stats-2.0.69.jar:/Users/rakeshprabhakaran/.m2/repository/org/jetbrains/kotlin/kotlin-stdlib/1.3.31/kotlin-stdlib-1.3.31.jar:/Users/rakeshprabhakaran/.m2/repository/org/jetbrains/kotlin/kotlin-stdlib-common/1.3.31/kotlin-stdlib-common-1.3.31.jar:/Users/rakeshprabhakaran/.m2/repository/org/jetbrains/annotations/13.0/annotations-13.0.jar:/Users/rakeshprabhakaran/.m2/repository/com/google/code/gson/gson/2.8.4/gson-2.8.4.jar:/Users/rakeshprabhakaran/.m2/repository/commons-io/commons-io/2.6/commons-io-2.6.jar:/Users/rakeshprabhakaran/.m2/repository/org/seleniumhq/selenium/selenium-server/3.141.59/selenium-server-3.141.59.jar:/Users/rakeshprabhakaran/.m2/repository/org/seleniumhq/selenium/selenium-firefox-driver/3.141.59/selenium-firefox-driver-3.141.59.jar:/Users/rakeshprabhakaran/.m2/repository/org/seleniumhq/selenium/selenium-ie-driver/3.141.59/selenium-ie-driver-3.141.59.jar:/Users/rakeshprabhakaran/.m2/repository/com/beust/jcommander/1.72/jcommander-1.72.jar:/Users/rakeshprabhakaran/.m2/repository/org/apache/commons/commons-exec/1.3/commons-exec-1.3.jar:/Users/rakeshprabhakaran/.m2/repository/net/jcip/jcip-annotations/1.0/jcip-annotations-1.0.jar:/Users/rakeshprabhakaran/.m2/repository/org/seleniumhq/selenium/jetty-repacked/9.4.12.v20180830/jetty-repacked-9.4.12.v20180830.jar:/Users/rakeshprabhakaran/.m2/repository/com/squareup/okhttp3/okhttp/3.11.0/okhttp-3.11.0.jar:/Users/rakeshprabhakaran/.m2/repository/com/squareup/okio/okio/1.14.0/okio-1.14.0.jar:/Users/rakeshprabhakaran/.m2/repository/javax/servlet/javax.servlet-api/3.1.0/javax.servlet-api-3.1.0.jar:/Users/rakeshprabhakaran/.m2/repository/org/yaml/snakeyaml/1.19/snakeyaml-1.19.jar:/Users/rakeshprabhakaran/.m2/repository/org/seleniumhq/selenium/selenium-java/3.141.59/selenium-java-3.141.59.jar:/Users/rakeshprabhakaran/.m2/repository/org/seleniumhq/selenium/selenium-api/3.141.59/selenium-api-3.141.59.jar:/Users/rakeshprabhakaran/.m2/repository/org/seleniumhq/selenium/selenium-chrome-driver/3.141.59/selenium-chrome-driver-3.141.59.jar:/Users/rakeshprabhakaran/.m2/repository/org/seleniumhq/selenium/selenium-edge-driver/3.141.59/selenium-edge-driver-3.141.59.jar:/Users/rakeshprabhakaran/.m2/repository/org/seleniumhq/selenium/selenium-remote-driver/3.141.59/selenium-remote-driver-3.141.59.jar:/Users/rakeshprabhakaran/.m2/repository/org/seleniumhq/selenium/selenium-safari-driver/3.141.59/selenium-safari-driver-3.141.59.jar:/Users/rakeshprabhakaran/.m2/repository/org/seleniumhq/selenium/selenium-opera-driver/3.141.59/selenium-opera-driver-3.141.59.jar:/Users/rakeshprabhakaran/.m2/repository/org/seleniumhq/selenium/selenium-support/3.141.59/selenium-support-3.141.59.jar:/Users/rakeshprabhakaran/.m2/repository/com/paulhammant/ngwebdriver/1.1.4/ngwebdriver-1.1.4.jar:/Users/rakeshprabhakaran/.m2/repository/com/codeborne/phantomjsdriver/1.4.4/phantomjsdriver-1.4.4.jar:/Users/rakeshprabhakaran/.m2/repository/org/eclipse/jetty/jetty-util/9.4.8.v20171121/jetty-util-9.4.8.v20171121.jar:/Users/rakeshprabhakaran/.m2/repository/org/eclipse/jetty/jetty-io/9.4.8.v20171121/jetty-io-9.4.8.v20171121.jar:/Users/rakeshprabhakaran/.m2/repository/org/seleniumhq/selenium/htmlunit-driver/2.33.1/htmlunit-driver-2.33.1.jar:/Users/rakeshprabhakaran/.m2/repository/io/appium/java-client/7.0.0/java-client-7.0.0.jar:/Users/rakeshprabhakaran/.m2/repository/commons-validator/commons-validator/1.6/commons-validator-1.6.jar:/Users/rakeshprabhakaran/.m2/repository/commons-beanutils/commons-beanutils/1.9.2/commons-beanutils-1.9.2.jar:/Users/rakeshprabhakaran/.m2/repository/commons-digester/commons-digester/1.8.1/commons-digester-1.8.1.jar:/Users/rakeshprabhakaran/.m2/repository/org/aspectj/aspectjweaver/1.9.1/aspectjweaver-1.9.1.jar:/Users/rakeshprabhakaran/.m2/repository/org/springframework/spring-context-support/5.1.2.RELEASE/spring-context-support-5.1.2.RELEASE.jar:/Users/rakeshprabhakaran/.m2/repository/org/springframework/spring-beans/5.1.2.RELEASE/spring-beans-5.1.2.RELEASE.jar:/Users/rakeshprabhakaran/.m2/repository/org/springframework/spring-context/5.1.2.RELEASE/spring-context-5.1.2.RELEASE.jar:/Users/rakeshprabhakaran/.m2/repository/org/springframework/spring-aop/5.1.2.RELEASE/spring-aop-5.1.2.RELEASE.jar:/Users/rakeshprabhakaran/.m2/repository/org/springframework/spring-expression/5.1.2.RELEASE/spring-expression-5.1.2.RELEASE.jar:/Users/rakeshprabhakaran/.m2/repository/org/springframework/spring-core/5.1.2.RELEASE/spring-core-5.1.2.RELEASE.jar:/Users/rakeshprabhakaran/.m2/repository/org/springframework/spring-jcl/5.1.2.RELEASE/spring-jcl-5.1.2.RELEASE.jar:/Users/rakeshprabhakaran/.m2/repository/org/glassfish/tyrus/tyrus-core/1.13.1/tyrus-core-1.13.1.jar:/Users/rakeshprabhakaran/.m2/repository/org/glassfish/tyrus/tyrus-spi/1.13.1/tyrus-spi-1.13.1.jar:/Users/rakeshprabhakaran/.m2/repository/javax/websocket/javax.websocket-api/1.1/javax.websocket-api-1.1.jar:/Users/rakeshprabhakaran/.m2/repository/org/codehaus/groovy/groovy/2.5.5/groovy-2.5.5.jar:/Users/rakeshprabhakaran/.m2/repository/net/sf/opencsv/opencsv/2.0/opencsv-2.0.jar:/Users/rakeshprabhakaran/.m2/repository/commons-beanutils/commons-beanutils-core/1.8.3/commons-beanutils-core-1.8.3.jar:/Users/rakeshprabhakaran/.m2/repository/joda-time/joda-time/2.7/joda-time-2.7.jar:/Users/rakeshprabhakaran/.m2/repository/com/thoughtworks/xstream/xstream/1.4.9/xstream-1.4.9.jar:/Users/rakeshprabhakaran/.m2/repository/xmlpull/xmlpull/1.1.3.1/xmlpull-1.1.3.1.jar:/Users/rakeshprabhakaran/.m2/repository/xpp3/xpp3_min/1.1.4c/xpp3_min-1.1.4c.jar:/Users/rakeshprabhakaran/.m2/repository/org/apache/commons/commons-lang3/3.8.1/commons-lang3-3.8.1.jar:/Users/rakeshprabhakaran/.m2/repository/commons-collections/commons-collections/3.2.2/commons-collections-3.2.2.jar:/Users/rakeshprabhakaran/.m2/repository/org/freemarker/freemarker/2.3.28/freemarker-2.3.28.jar:/Users/rakeshprabhakaran/.m2/repository/net/sourceforge/jexcelapi/jxl/2.6.12/jxl-2.6.12.jar:/Users/rakeshprabhakaran/.m2/repository/org/hamcrest/hamcrest-core/1.3/hamcrest-core-1.3.jar:/Users/rakeshprabhakaran/.m2/repository/org/hamcrest/hamcrest-library/1.3/hamcrest-library-1.3.jar:/Users/rakeshprabhakaran/.m2/repository/net/sourceforge/htmlunit/htmlunit/2.33/htmlunit-2.33.jar:/Users/rakeshprabhakaran/.m2/repository/net/sourceforge/htmlunit/htmlunit-core-js/2.33/htmlunit-core-js-2.33.jar:/Users/rakeshprabhakaran/.m2/repository/net/sourceforge/htmlunit/neko-htmlunit/2.33/neko-htmlunit-2.33.jar:/Users/rakeshprabhakaran/.m2/repository/xerces/xercesImpl/2.12.0/xercesImpl-2.12.0.jar:/Users/rakeshprabhakaran/.m2/repository/net/sourceforge/htmlunit/htmlunit-cssparser/1.2.0/htmlunit-cssparser-1.2.0.jar:/Users/rakeshprabhakaran/.m2/repository/org/eclipse/jetty/websocket/websocket-client/9.4.12.v20180830/websocket-client-9.4.12.v20180830.jar:/Users/rakeshprabhakaran/.m2/repository/org/eclipse/jetty/jetty-client/9.4.12.v20180830/jetty-client-9.4.12.v20180830.jar:/Users/rakeshprabhakaran/.m2/repository/org/eclipse/jetty/jetty-http/9.4.12.v20180830/jetty-http-9.4.12.v20180830.jar:/Users/rakeshprabhakaran/.m2/repository/org/eclipse/jetty/jetty-xml/9.4.12.v20180830/jetty-xml-9.4.12.v20180830.jar:/Users/rakeshprabhakaran/.m2/repository/org/eclipse/jetty/websocket/websocket-common/9.4.12.v20180830/websocket-common-9.4.12.v20180830.jar:/Users/rakeshprabhakaran/.m2/repository/org/eclipse/jetty/websocket/websocket-api/9.4.12.v20180830/websocket-api-9.4.12.v20180830.jar:/Users/rakeshprabhakaran/.m2/repository/org/apache/httpcomponents/httpclient/4.5.5/httpclient-4.5.5.jar:/Users/rakeshprabhakaran/.m2/repository/org/apache/httpcomponents/httpcore/4.4.9/httpcore-4.4.9.jar:/Users/rakeshprabhakaran/.m2/repository/org/apache/httpcomponents/httpmime/4.5.5/httpmime-4.5.5.jar:/Users/rakeshprabhakaran/.m2/repository/org/fluentlenium/fluentlenium-core/0.10.2/fluentlenium-core-0.10.2.jar:/Users/rakeshprabhakaran/.m2/repository/com/jhlabs/filters/2.0.235/filters-2.0.235.jar:/Users/rakeshprabhakaran/.m2/repository/org/asciidoctor/asciidoctorj/1.5.6/asciidoctorj-1.5.6.jar:/Users/rakeshprabhakaran/.m2/repository/org/jruby/jruby-complete/1.7.26/jruby-complete-1.7.26.jar:/Users/rakeshprabhakaran/.m2/repository/org/imgscalr/imgscalr-lib/4.2/imgscalr-lib-4.2.jar:/Users/rakeshprabhakaran/.m2/repository/javax/el/javax.el-api/2.2.4/javax.el-api-2.2.4.jar:/Users/rakeshprabhakaran/.m2/repository/org/glassfish/web/javax.el/2.2.4/javax.el-2.2.4.jar:/Users/rakeshprabhakaran/.m2/repository/xalan/xalan/2.7.2/xalan-2.7.2.jar:/Users/rakeshprabhakaran/.m2/repository/xalan/serializer/2.7.2/serializer-2.7.2.jar:/Users/rakeshprabhakaran/.m2/repository/org/awaitility/awaitility/3.1.0/awaitility-3.1.0.jar:/Users/rakeshprabhakaran/.m2/repository/com/typesafe/config/1.3.1/config-1.3.1.jar:/Users/rakeshprabhakaran/.m2/repository/org/jsoup/jsoup/1.10.3/jsoup-1.10.3.jar:/Users/rakeshprabhakaran/.m2/repository/com/google/jimfs/jimfs/1.1/jimfs-1.1.jar:/Users/rakeshprabhakaran/.m2/repository/es/nitaur/markdown/txtmark/0.16/txtmark-0.16.jar:/Users/rakeshprabhakaran/.m2/repository/com/vladsch/flexmark/flexmark-all/0.34.30/flexmark-all-0.34.30.jar:/Users/rakeshprabhakaran/.m2/repository/com/vladsch/flexmark/flexmark/0.34.30/flexmark-0.34.30.jar:/Users/rakeshprabhakaran/.m2/repository/com/vladsch/flexmark/flexmark-ext-abbreviation/0.34.30/flexmark-ext-abbreviation-0.34.30.jar:/Users/rakeshprabhakaran/.m2/repository/com/vladsch/flexmark/flexmark-ext-admonition/0.34.30/flexmark-ext-admonition-0.34.30.jar:/Users/rakeshprabhakaran/.m2/repository/com/vladsch/flexmark/flexmark-ext-anchorlink/0.34.30/flexmark-ext-anchorlink-0.34.30.jar:/Users/rakeshprabhakaran/.m2/repository/com/vladsch/flexmark/flexmark-ext-aside/0.34.30/flexmark-ext-aside-0.34.30.jar:/Users/rakeshprabhakaran/.m2/repository/com/vladsch/flexmark/flexmark-ext-attributes/0.34.30/flexmark-ext-attributes-0.34.30.jar:/Users/rakeshprabhakaran/.m2/repository/com/vladsch/flexmark/flexmark-ext-autolink/0.34.30/flexmark-ext-autolink-0.34.30.jar:/Users/rakeshprabhakaran/.m2/repository/org/nibor/autolink/autolink/0.6.0/autolink-0.6.0.jar:/Users/rakeshprabhakaran/.m2/repository/com/vladsch/flexmark/flexmark-ext-definition/0.34.30/flexmark-ext-definition-0.34.30.jar:/Users/rakeshprabhakaran/.m2/repository/com/vladsch/flexmark/flexmark-ext-emoji/0.34.30/flexmark-ext-emoji-0.34.30.jar:/Users/rakeshprabhakaran/.m2/repository/com/vladsch/flexmark/flexmark-ext-enumerated-reference/0.34.30/flexmark-ext-enumerated-reference-0.34.30.jar:/Users/rakeshprabhakaran/.m2/repository/com/vladsch/flexmark/flexmark-ext-escaped-character/0.34.30/flexmark-ext-escaped-character-0.34.30.jar:/Users/rakeshprabhakaran/.m2/repository/com/vladsch/flexmark/flexmark-ext-footnotes/0.34.30/flexmark-ext-footnotes-0.34.30.jar:/Users/rakeshprabhakaran/.m2/repository/com/vladsch/flexmark/flexmark-ext-gfm-issues/0.34.30/flexmark-ext-gfm-issues-0.34.30.jar:/Users/rakeshprabhakaran/.m2/repository/com/vladsch/flexmark/flexmark-ext-gfm-strikethrough/0.34.30/flexmark-ext-gfm-strikethrough-0.34.30.jar:/Users/rakeshprabhakaran/.m2/repository/com/vladsch/flexmark/flexmark-ext-gfm-tables/0.34.30/flexmark-ext-gfm-tables-0.34.30.jar:/Users/rakeshprabhakaran/.m2/repository/com/vladsch/flexmark/flexmark-ext-gfm-tasklist/0.34.30/flexmark-ext-gfm-tasklist-0.34.30.jar:/Users/rakeshprabhakaran/.m2/repository/com/vladsch/flexmark/flexmark-ext-gfm-users/0.34.30/flexmark-ext-gfm-users-0.34.30.jar:/Users/rakeshprabhakaran/.m2/repository/com/vladsch/flexmark/flexmark-ext-gitlab/0.34.30/flexmark-ext-gitlab-0.34.30.jar:/Users/rakeshprabhakaran/.m2/repository/com/vladsch/flexmark/flexmark-ext-jekyll-front-matter/0.34.30/flexmark-ext-jekyll-front-matter-0.34.30.jar:/Users/rakeshprabhakaran/.m2/repository/com/vladsch/flexmark/flexmark-ext-jekyll-tag/0.34.30/flexmark-ext-jekyll-tag-0.34.30.jar:/Users/rakeshprabhakaran/.m2/repository/com/vladsch/flexmark/flexmark-ext-media-tags/0.34.30/flexmark-ext-media-tags-0.34.30.jar:/Users/rakeshprabhakaran/.m2/repository/com/vladsch/flexmark/flexmark-test-util/0.34.30/flexmark-test-util-0.34.30.jar:/Users/rakeshprabhakaran/.m2/repository/com/vladsch/flexmark/flexmark-ext-ins/0.34.30/flexmark-ext-ins-0.34.30.jar:/Users/rakeshprabhakaran/.m2/repository/com/vladsch/flexmark/flexmark-ext-xwiki-macros/0.34.30/flexmark-ext-xwiki-macros-0.34.30.jar:/Users/rakeshprabhakaran/.m2/repository/com/vladsch/flexmark/flexmark-ext-superscript/0.34.30/flexmark-ext-superscript-0.34.30.jar:/Users/rakeshprabhakaran/.m2/repository/com/vladsch/flexmark/flexmark-ext-tables/0.34.30/flexmark-ext-tables-0.34.30.jar:/Users/rakeshprabhakaran/.m2/repository/com/vladsch/flexmark/flexmark-ext-toc/0.34.30/flexmark-ext-toc-0.34.30.jar:/Users/rakeshprabhakaran/.m2/repository/com/vladsch/flexmark/flexmark-ext-typographic/0.34.30/flexmark-ext-typographic-0.34.30.jar:/Users/rakeshprabhakaran/.m2/repository/com/vladsch/flexmark/flexmark-ext-wikilink/0.34.30/flexmark-ext-wikilink-0.34.30.jar:/Users/rakeshprabhakaran/.m2/repository/com/vladsch/flexmark/flexmark-ext-yaml-front-matter/0.34.30/flexmark-ext-yaml-front-matter-0.34.30.jar:/Users/rakeshprabhakaran/.m2/repository/com/vladsch/flexmark/flexmark-ext-youtube-embedded/0.34.30/flexmark-ext-youtube-embedded-0.34.30.jar:/Users/rakeshprabhakaran/.m2/repository/com/vladsch/flexmark/flexmark-formatter/0.34.30/flexmark-formatter-0.34.30.jar:/Users/rakeshprabhakaran/.m2/repository/com/vladsch/flexmark/flexmark-html-parser/0.34.30/flexmark-html-parser-0.34.30.jar:/Users/rakeshprabhakaran/.m2/repository/com/vladsch/flexmark/flexmark-jira-converter/0.34.30/flexmark-jira-converter-0.34.30.jar:/Users/rakeshprabhakaran/.m2/repository/com/vladsch/flexmark/flexmark-pdf-converter/0.34.30/flexmark-pdf-converter-0.34.30.jar:/Users/rakeshprabhakaran/.m2/repository/com/openhtmltopdf/openhtmltopdf-core/0.0.1-RC13/openhtmltopdf-core-0.0.1-RC13.jar:/Users/rakeshprabhakaran/.m2/repository/com/openhtmltopdf/openhtmltopdf-pdfbox/0.0.1-RC13/openhtmltopdf-pdfbox-0.0.1-RC13.jar:/Users/rakeshprabhakaran/.m2/repository/org/apache/pdfbox/pdfbox/2.0.8/pdfbox-2.0.8.jar:/Users/rakeshprabhakaran/.m2/repository/org/apache/pdfbox/fontbox/2.0.8/fontbox-2.0.8.jar:/Users/rakeshprabhakaran/.m2/repository/org/apache/pdfbox/xmpbox/2.0.8/xmpbox-2.0.8.jar:/Users/rakeshprabhakaran/.m2/repository/de/rototor/pdfbox/graphics2d/0.12/graphics2d-0.12.jar:/Users/rakeshprabhakaran/.m2/repository/com/openhtmltopdf/openhtmltopdf-rtl-support/0.0.1-RC13/openhtmltopdf-rtl-support-0.0.1-RC13.jar:/Users/rakeshprabhakaran/.m2/repository/com/ibm/icu/icu4j/59.1/icu4j-59.1.jar:/Users/rakeshprabhakaran/.m2/repository/com/openhtmltopdf/openhtmltopdf-jsoup-dom-converter/0.0.1-RC13/openhtmltopdf-jsoup-dom-converter-0.0.1-RC13.jar:/Users/rakeshprabhakaran/.m2/repository/com/vladsch/flexmark/flexmark-profile-pegdown/0.34.30/flexmark-profile-pegdown-0.34.30.jar:/Users/rakeshprabhakaran/.m2/repository/com/vladsch/flexmark/flexmark-util/0.34.30/flexmark-util-0.34.30.jar:/Users/rakeshprabhakaran/.m2/repository/com/vladsch/flexmark/flexmark-youtrack-converter/0.34.30/flexmark-youtrack-converter-0.34.30.jar:/Users/rakeshprabhakaran/.m2/repository/net/serenity-bdd/serenity-rest-assured/2.0.69/serenity-rest-assured-2.0.69.jar:/Users/rakeshprabhakaran/.m2/repository/io/rest-assured/rest-assured/3.3.0/rest-assured-3.3.0.jar:/Users/rakeshprabhakaran/.m2/repository/org/ccil/cowan/tagsoup/tagsoup/1.2.1/tagsoup-1.2.1.jar:/Users/rakeshprabhakaran/.m2/repository/io/rest-assured/json-path/3.3.0/json-path-3.3.0.jar:/Users/rakeshprabhakaran/.m2/repository/io/rest-assured/rest-assured-common/3.3.0/rest-assured-common-3.3.0.jar:/Users/rakeshprabhakaran/.m2/repository/io/rest-assured/xml-path/3.3.0/xml-path-3.3.0.jar:/Users/rakeshprabhakaran/.m2/repository/com/sun/xml/bind/jaxb-osgi/2.2.10/jaxb-osgi-2.2.10.jar:/Users/rakeshprabhakaran/.m2/repository/org/apache/sling/org.apache.sling.javax.activation/0.1.0/org.apache.sling.javax.activation-0.1.0.jar:/Users/rakeshprabhakaran/.m2/repository/org/codehaus/groovy/groovy-xml/2.5.5/groovy-xml-2.5.5.jar:/Users/rakeshprabhakaran/.m2/repository/org/codehaus/groovy/groovy-json/2.5.5/groovy-json-2.5.5.jar:/Users/rakeshprabhakaran/.m2/repository/net/serenity-bdd/serenity-junit/2.0.69/serenity-junit-2.0.69.jar:/Users/rakeshprabhakaran/.m2/repository/ch/qos/logback/logback-classic/1.0.13/logback-classic-1.0.13.jar:/Users/rakeshprabhakaran/.m2/repository/ch/qos/logback/logback-core/1.0.13/logback-core-1.0.13.jar:/Users/rakeshprabhakaran/.m2/repository/junit/junit/4.12/junit-4.12.jar:/Users/rakeshprabhakaran/.m2/repository/org/assertj/assertj-core/3.6.2/assertj-core-3.6.2.jar:/Users/rakeshprabhakaran/.m2/repository/org/hamcrest/hamcrest-all/1.3/hamcrest-all-1.3.jar:"/>
    <property name="java.vm.vendor" value="Oracle Corporation"/>
    <property name="sun.arch.data.model" value="64"/>
    <property name="java.vendor.url" value="https://java.oracle.com/"/>
    <property name="user.timezone" value="Australia/Sydney"/>
    <property name="os.name" value="Mac OS X"/>
    <property name="java.vm.specification.version" value="12"/>
    <property name="sun.java.launcher" value="SUN_STANDARD"/>
    <property name="user.country" value="IN"/>
    <property name="sun.boot.library.path" value="/Library/Java/JavaVirtualMachines/jdk-12.0.2.jdk/Contents/Home/lib"/>
    <property name="sun.java.command" value="/Users/rakeshprabhakaran/rakesh/java_test/test_project/target/surefire/surefirebooter5089937295759670111.jar /Users/rakeshprabhakaran/rakesh/java_test/test_project/target/surefire 2019-08-25T20-15-00_807-jvmRun1 surefire6240474187887510843tmp surefire_15438950250450257413tmp"/>
    <property name="http.nonProxyHosts" value="local|*.local|169.254/16|*.169.254/16"/>
    <property name="jdk.debug" value="release"/>
    <property name="surefire.test.class.path" value="/Users/rakeshprabhakaran/rakesh/java_test/test_project/target/test-classes:/Users/rakeshprabhakaran/rakesh/java_test/test_project/target/serenity-rest-assured-automation-0.0.1-SNAPSHOT.jar:/Users/rakeshprabhakaran/.m2/repository/net/serenity-bdd/serenity-core/2.0.69/serenity-core-2.0.69.jar:/Users/rakeshprabhakaran/.m2/repository/net/bytebuddy/byte-buddy/1.9.12/byte-buddy-1.9.12.jar:/Users/rakeshprabhakaran/.m2/repository/net/bytebuddy/byte-buddy-agent/1.9.12/byte-buddy-agent-1.9.12.jar:/Users/rakeshprabhakaran/.m2/repository/com/google/guava/guava/25.0-jre/guava-25.0-jre.jar:/Users/rakeshprabhakaran/.m2/repository/com/google/code/findbugs/jsr305/1.3.9/jsr305-1.3.9.jar:/Users/rakeshprabhakaran/.m2/repository/org/checkerframework/checker-compat-qual/2.0.0/checker-compat-qual-2.0.0.jar:/Users/rakeshprabhakaran/.m2/repository/com/google/errorprone/error_prone_annotations/2.1.3/error_prone_annotations-2.1.3.jar:/Users/rakeshprabhakaran/.m2/repository/com/google/j2objc/j2objc-annotations/1.1/j2objc-annotations-1.1.jar:/Users/rakeshprabhakaran/.m2/repository/org/codehaus/mojo/animal-sniffer-annotations/1.14/animal-sniffer-annotations-1.14.jar:/Users/rakeshprabhakaran/.m2/repository/com/google/inject/guice/4.2.2/guice-4.2.2.jar:/Users/rakeshprabhakaran/.m2/repository/javax/inject/javax.inject/1/javax.inject-1.jar:/Users/rakeshprabhakaran/.m2/repository/aopalliance/aopalliance/1.0/aopalliance-1.0.jar:/Users/rakeshprabhakaran/.m2/repository/cglib/cglib/3.2.5/cglib-3.2.5.jar:/Users/rakeshprabhakaran/.m2/repository/org/ow2/asm/asm/5.0.3/asm-5.0.3.jar:/Users/rakeshprabhakaran/.m2/repository/commons-codec/commons-codec/1.10/commons-codec-1.10.jar:/Users/rakeshprabhakaran/.m2/repository/org/objenesis/objenesis/2.6/objenesis-2.6.jar:/Users/rakeshprabhakaran/.m2/repository/org/slf4j/slf4j-api/1.7.25/slf4j-api-1.7.25.jar:/Users/rakeshprabhakaran/.m2/repository/xml-apis/xml-apis/1.4.01/xml-apis-1.4.01.jar:/Users/rakeshprabhakaran/.m2/repository/io/cucumber/cucumber-core/2.4.0/cucumber-core-2.4.0.jar:/Users/rakeshprabhakaran/.m2/repository/info/cukes/cucumber-html/0.2.6/cucumber-html-0.2.6.jar:/Users/rakeshprabhakaran/.m2/repository/io/cucumber/cucumber-jvm-deps/1.0.6/cucumber-jvm-deps-1.0.6.jar:/Users/rakeshprabhakaran/.m2/repository/io/cucumber/gherkin/5.0.0/gherkin-5.0.0.jar:/Users/rakeshprabhakaran/.m2/repository/io/cucumber/tag-expressions/1.1.1/tag-expressions-1.1.1.jar:/Users/rakeshprabhakaran/.m2/repository/commons-logging/commons-logging/1.2/commons-logging-1.2.jar:/Users/rakeshprabhakaran/.m2/repository/io/vavr/vavr/0.9.0/vavr-0.9.0.jar:/Users/rakeshprabhakaran/.m2/repository/io/vavr/vavr-match/0.9.0/vavr-match-0.9.0.jar:/Users/rakeshprabhakaran/.m2/repository/javax/xml/bind/jaxb-api/2.2.12/jaxb-api-2.2.12.jar:/Users/rakeshprabhakaran/.m2/repository/com/sun/xml/bind/jaxb-core/2.3.0.1/jaxb-core-2.3.0.1.jar:/Users/rakeshprabhakaran/.m2/repository/com/sun/xml/bind/jaxb-impl/2.3.0.1/jaxb-impl-2.3.0.1.jar:/Users/rakeshprabhakaran/.m2/repository/javax/activation/activation/1.1.1/activation-1.1.1.jar:/Users/rakeshprabhakaran/.m2/repository/org/mockito/mockito-core/2.25.0/mockito-core-2.25.0.jar:/Users/rakeshprabhakaran/.m2/repository/net/serenity-bdd/serenity-report-resources/2.0.69/serenity-report-resources-2.0.69.jar:/Users/rakeshprabhakaran/.m2/repository/net/serenity-bdd/serenity-model/2.0.69/serenity-model-2.0.69.jar:/Users/rakeshprabhakaran/.m2/repository/commons-net/commons-net/3.6/commons-net-3.6.jar:/Users/rakeshprabhakaran/.m2/repository/org/apache/commons/commons-text/1.6/commons-text-1.6.jar:/Users/rakeshprabhakaran/.m2/repository/net/serenity-bdd/serenity-reports/2.0.69/serenity-reports-2.0.69.jar:/Users/rakeshprabhakaran/.m2/repository/net/serenity-bdd/serenity-stats/2.0.69/serenity-stats-2.0.69.jar:/Users/rakeshprabhakaran/.m2/repository/org/jetbrains/kotlin/kotlin-stdlib/1.3.31/kotlin-stdlib-1.3.31.jar:/Users/rakeshprabhakaran/.m2/repository/org/jetbrains/kotlin/kotlin-stdlib-common/1.3.31/kotlin-stdlib-common-1.3.31.jar:/Users/rakeshprabhakaran/.m2/repository/org/jetbrains/annotations/13.0/annotations-13.0.jar:/Users/rakeshprabhakaran/.m2/repository/com/google/code/gson/gson/2.8.4/gson-2.8.4.jar:/Users/rakeshprabhakaran/.m2/repository/commons-io/commons-io/2.6/commons-io-2.6.jar:/Users/rakeshprabhakaran/.m2/repository/org/seleniumhq/selenium/selenium-server/3.141.59/selenium-server-3.141.59.jar:/Users/rakeshprabhakaran/.m2/repository/org/seleniumhq/selenium/selenium-firefox-driver/3.141.59/selenium-firefox-driver-3.141.59.jar:/Users/rakeshprabhakaran/.m2/repository/org/seleniumhq/selenium/selenium-ie-driver/3.141.59/selenium-ie-driver-3.141.59.jar:/Users/rakeshprabhakaran/.m2/repository/com/beust/jcommander/1.72/jcommander-1.72.jar:/Users/rakeshprabhakaran/.m2/repository/org/apache/commons/commons-exec/1.3/commons-exec-1.3.jar:/Users/rakeshprabhakaran/.m2/repository/net/jcip/jcip-annotations/1.0/jcip-annotations-1.0.jar:/Users/rakeshprabhakaran/.m2/repository/org/seleniumhq/selenium/jetty-repacked/9.4.12.v20180830/jetty-repacked-9.4.12.v20180830.jar:/Users/rakeshprabhakaran/.m2/repository/com/squareup/okhttp3/okhttp/3.11.0/okhttp-3.11.0.jar:/Users/rakeshprabhakaran/.m2/repository/com/squareup/okio/okio/1.14.0/okio-1.14.0.jar:/Users/rakeshprabhakaran/.m2/repository/javax/servlet/javax.servlet-api/3.1.0/javax.servlet-api-3.1.0.jar:/Users/rakeshprabhakaran/.m2/repository/org/yaml/snakeyaml/1.19/snakeyaml-1.19.jar:/Users/rakeshprabhakaran/.m2/repository/org/seleniumhq/selenium/selenium-java/3.141.59/selenium-java-3.141.59.jar:/Users/rakeshprabhakaran/.m2/repository/org/seleniumhq/selenium/selenium-api/3.141.59/selenium-api-3.141.59.jar:/Users/rakeshprabhakaran/.m2/repository/org/seleniumhq/selenium/selenium-chrome-driver/3.141.59/selenium-chrome-driver-3.141.59.jar:/Users/rakeshprabhakaran/.m2/repository/org/seleniumhq/selenium/selenium-edge-driver/3.141.59/selenium-edge-driver-3.141.59.jar:/Users/rakeshprabhakaran/.m2/repository/org/seleniumhq/selenium/selenium-remote-driver/3.141.59/selenium-remote-driver-3.141.59.jar:/Users/rakeshprabhakaran/.m2/repository/org/seleniumhq/selenium/selenium-safari-driver/3.141.59/selenium-safari-driver-3.141.59.jar:/Users/rakeshprabhakaran/.m2/repository/org/seleniumhq/selenium/selenium-opera-driver/3.141.59/selenium-opera-driver-3.141.59.jar:/Users/rakeshprabhakaran/.m2/repository/org/seleniumhq/selenium/selenium-support/3.141.59/selenium-support-3.141.59.jar:/Users/rakeshprabhakaran/.m2/repository/com/paulhammant/ngwebdriver/1.1.4/ngwebdriver-1.1.4.jar:/Users/rakeshprabhakaran/.m2/repository/com/codeborne/phantomjsdriver/1.4.4/phantomjsdriver-1.4.4.jar:/Users/rakeshprabhakaran/.m2/repository/org/eclipse/jetty/jetty-util/9.4.8.v20171121/jetty-util-9.4.8.v20171121.jar:/Users/rakeshprabhakaran/.m2/repository/org/eclipse/jetty/jetty-io/9.4.8.v20171121/jetty-io-9.4.8.v20171121.jar:/Users/rakeshprabhakaran/.m2/repository/org/seleniumhq/selenium/htmlunit-driver/2.33.1/htmlunit-driver-2.33.1.jar:/Users/rakeshprabhakaran/.m2/repository/io/appium/java-client/7.0.0/java-client-7.0.0.jar:/Users/rakeshprabhakaran/.m2/repository/commons-validator/commons-validator/1.6/commons-validator-1.6.jar:/Users/rakeshprabhakaran/.m2/repository/commons-beanutils/commons-beanutils/1.9.2/commons-beanutils-1.9.2.jar:/Users/rakeshprabhakaran/.m2/repository/commons-digester/commons-digester/1.8.1/commons-digester-1.8.1.jar:/Users/rakeshprabhakaran/.m2/repository/org/aspectj/aspectjweaver/1.9.1/aspectjweaver-1.9.1.jar:/Users/rakeshprabhakaran/.m2/repository/org/springframework/spring-context-support/5.1.2.RELEASE/spring-context-support-5.1.2.RELEASE.jar:/Users/rakeshprabhakaran/.m2/repository/org/springframework/spring-beans/5.1.2.RELEASE/spring-beans-5.1.2.RELEASE.jar:/Users/rakeshprabhakaran/.m2/repository/org/springframework/spring-context/5.1.2.RELEASE/spring-context-5.1.2.RELEASE.jar:/Users/rakeshprabhakaran/.m2/repository/org/springframework/spring-aop/5.1.2.RELEASE/spring-aop-5.1.2.RELEASE.jar:/Users/rakeshprabhakaran/.m2/repository/org/springframework/spring-expression/5.1.2.RELEASE/spring-expression-5.1.2.RELEASE.jar:/Users/rakeshprabhakaran/.m2/repository/org/springframework/spring-core/5.1.2.RELEASE/spring-core-5.1.2.RELEASE.jar:/Users/rakeshprabhakaran/.m2/repository/org/springframework/spring-jcl/5.1.2.RELEASE/spring-jcl-5.1.2.RELEASE.jar:/Users/rakeshprabhakaran/.m2/repository/org/glassfish/tyrus/tyrus-core/1.13.1/tyrus-core-1.13.1.jar:/Users/rakeshprabhakaran/.m2/repository/org/glassfish/tyrus/tyrus-spi/1.13.1/tyrus-spi-1.13.1.jar:/Users/rakeshprabhakaran/.m2/repository/javax/websocket/javax.websocket-api/1.1/javax.websocket-api-1.1.jar:/Users/rakeshprabhakaran/.m2/repository/org/codehaus/groovy/groovy/2.5.5/groovy-2.5.5.jar:/Users/rakeshprabhakaran/.m2/repository/net/sf/opencsv/opencsv/2.0/opencsv-2.0.jar:/Users/rakeshprabhakaran/.m2/repository/commons-beanutils/commons-beanutils-core/1.8.3/commons-beanutils-core-1.8.3.jar:/Users/rakeshprabhakaran/.m2/repository/joda-time/joda-time/2.7/joda-time-2.7.jar:/Users/rakeshprabhakaran/.m2/repository/com/thoughtworks/xstream/xstream/1.4.9/xstream-1.4.9.jar:/Users/rakeshprabhakaran/.m2/repository/xmlpull/xmlpull/1.1.3.1/xmlpull-1.1.3.1.jar:/Users/rakeshprabhakaran/.m2/repository/xpp3/xpp3_min/1.1.4c/xpp3_min-1.1.4c.jar:/Users/rakeshprabhakaran/.m2/repository/org/apache/commons/commons-lang3/3.8.1/commons-lang3-3.8.1.jar:/Users/rakeshprabhakaran/.m2/repository/commons-collections/commons-collections/3.2.2/commons-collections-3.2.2.jar:/Users/rakeshprabhakaran/.m2/repository/org/freemarker/freemarker/2.3.28/freemarker-2.3.28.jar:/Users/rakeshprabhakaran/.m2/repository/net/sourceforge/jexcelapi/jxl/2.6.12/jxl-2.6.12.jar:/Users/rakeshprabhakaran/.m2/repository/org/hamcrest/hamcrest-core/1.3/hamcrest-core-1.3.jar:/Users/rakeshprabhakaran/.m2/repository/org/hamcrest/hamcrest-library/1.3/hamcrest-library-1.3.jar:/Users/rakeshprabhakaran/.m2/repository/net/sourceforge/htmlunit/htmlunit/2.33/htmlunit-2.33.jar:/Users/rakeshprabhakaran/.m2/repository/net/sourceforge/htmlunit/htmlunit-core-js/2.33/htmlunit-core-js-2.33.jar:/Users/rakeshprabhakaran/.m2/repository/net/sourceforge/htmlunit/neko-htmlunit/2.33/neko-htmlunit-2.33.jar:/Users/rakeshprabhakaran/.m2/repository/xerces/xercesImpl/2.12.0/xercesImpl-2.12.0.jar:/Users/rakeshprabhakaran/.m2/repository/net/sourceforge/htmlunit/htmlunit-cssparser/1.2.0/htmlunit-cssparser-1.2.0.jar:/Users/rakeshprabhakaran/.m2/repository/org/eclipse/jetty/websocket/websocket-client/9.4.12.v20180830/websocket-client-9.4.12.v20180830.jar:/Users/rakeshprabhakaran/.m2/repository/org/eclipse/jetty/jetty-client/9.4.12.v20180830/jetty-client-9.4.12.v20180830.jar:/Users/rakeshprabhakaran/.m2/repository/org/eclipse/jetty/jetty-http/9.4.12.v20180830/jetty-http-9.4.12.v20180830.jar:/Users/rakeshprabhakaran/.m2/repository/org/eclipse/jetty/jetty-xml/9.4.12.v20180830/jetty-xml-9.4.12.v20180830.jar:/Users/rakeshprabhakaran/.m2/repository/org/eclipse/jetty/websocket/websocket-common/9.4.12.v20180830/websocket-common-9.4.12.v20180830.jar:/Users/rakeshprabhakaran/.m2/repository/org/eclipse/jetty/websocket/websocket-api/9.4.12.v20180830/websocket-api-9.4.12.v20180830.jar:/Users/rakeshprabhakaran/.m2/repository/org/apache/httpcomponents/httpclient/4.5.5/httpclient-4.5.5.jar:/Users/rakeshprabhakaran/.m2/repository/org/apache/httpcomponents/httpcore/4.4.9/httpcore-4.4.9.jar:/Users/rakeshprabhakaran/.m2/repository/org/apache/httpcomponents/httpmime/4.5.5/httpmime-4.5.5.jar:/Users/rakeshprabhakaran/.m2/repository/org/fluentlenium/fluentlenium-core/0.10.2/fluentlenium-core-0.10.2.jar:/Users/rakeshprabhakaran/.m2/repository/com/jhlabs/filters/2.0.235/filters-2.0.235.jar:/Users/rakeshprabhakaran/.m2/repository/org/asciidoctor/asciidoctorj/1.5.6/asciidoctorj-1.5.6.jar:/Users/rakeshprabhakaran/.m2/repository/org/jruby/jruby-complete/1.7.26/jruby-complete-1.7.26.jar:/Users/rakeshprabhakaran/.m2/repository/org/imgscalr/imgscalr-lib/4.2/imgscalr-lib-4.2.jar:/Users/rakeshprabhakaran/.m2/repository/javax/el/javax.el-api/2.2.4/javax.el-api-2.2.4.jar:/Users/rakeshprabhakaran/.m2/repository/org/glassfish/web/javax.el/2.2.4/javax.el-2.2.4.jar:/Users/rakeshprabhakaran/.m2/repository/xalan/xalan/2.7.2/xalan-2.7.2.jar:/Users/rakeshprabhakaran/.m2/repository/xalan/serializer/2.7.2/serializer-2.7.2.jar:/Users/rakeshprabhakaran/.m2/repository/org/awaitility/awaitility/3.1.0/awaitility-3.1.0.jar:/Users/rakeshprabhakaran/.m2/repository/com/typesafe/config/1.3.1/config-1.3.1.jar:/Users/rakeshprabhakaran/.m2/repository/org/jsoup/jsoup/1.10.3/jsoup-1.10.3.jar:/Users/rakeshprabhakaran/.m2/repository/com/google/jimfs/jimfs/1.1/jimfs-1.1.jar:/Users/rakeshprabhakaran/.m2/repository/es/nitaur/markdown/txtmark/0.16/txtmark-0.16.jar:/Users/rakeshprabhakaran/.m2/repository/com/vladsch/flexmark/flexmark-all/0.34.30/flexmark-all-0.34.30.jar:/Users/rakeshprabhakaran/.m2/repository/com/vladsch/flexmark/flexmark/0.34.30/flexmark-0.34.30.jar:/Users/rakeshprabhakaran/.m2/repository/com/vladsch/flexmark/flexmark-ext-abbreviation/0.34.30/flexmark-ext-abbreviation-0.34.30.jar:/Users/rakeshprabhakaran/.m2/repository/com/vladsch/flexmark/flexmark-ext-admonition/0.34.30/flexmark-ext-admonition-0.34.30.jar:/Users/rakeshprabhakaran/.m2/repository/com/vladsch/flexmark/flexmark-ext-anchorlink/0.34.30/flexmark-ext-anchorlink-0.34.30.jar:/Users/rakeshprabhakaran/.m2/repository/com/vladsch/flexmark/flexmark-ext-aside/0.34.30/flexmark-ext-aside-0.34.30.jar:/Users/rakeshprabhakaran/.m2/repository/com/vladsch/flexmark/flexmark-ext-attributes/0.34.30/flexmark-ext-attributes-0.34.30.jar:/Users/rakeshprabhakaran/.m2/repository/com/vladsch/flexmark/flexmark-ext-autolink/0.34.30/flexmark-ext-autolink-0.34.30.jar:/Users/rakeshprabhakaran/.m2/repository/org/nibor/autolink/autolink/0.6.0/autolink-0.6.0.jar:/Users/rakeshprabhakaran/.m2/repository/com/vladsch/flexmark/flexmark-ext-definition/0.34.30/flexmark-ext-definition-0.34.30.jar:/Users/rakeshprabhakaran/.m2/repository/com/vladsch/flexmark/flexmark-ext-emoji/0.34.30/flexmark-ext-emoji-0.34.30.jar:/Users/rakeshprabhakaran/.m2/repository/com/vladsch/flexmark/flexmark-ext-enumerated-reference/0.34.30/flexmark-ext-enumerated-reference-0.34.30.jar:/Users/rakeshprabhakaran/.m2/repository/com/vladsch/flexmark/flexmark-ext-escaped-character/0.34.30/flexmark-ext-escaped-character-0.34.30.jar:/Users/rakeshprabhakaran/.m2/repository/com/vladsch/flexmark/flexmark-ext-footnotes/0.34.30/flexmark-ext-footnotes-0.34.30.jar:/Users/rakeshprabhakaran/.m2/repository/com/vladsch/flexmark/flexmark-ext-gfm-issues/0.34.30/flexmark-ext-gfm-issues-0.34.30.jar:/Users/rakeshprabhakaran/.m2/repository/com/vladsch/flexmark/flexmark-ext-gfm-strikethrough/0.34.30/flexmark-ext-gfm-strikethrough-0.34.30.jar:/Users/rakeshprabhakaran/.m2/repository/com/vladsch/flexmark/flexmark-ext-gfm-tables/0.34.30/flexmark-ext-gfm-tables-0.34.30.jar:/Users/rakeshprabhakaran/.m2/repository/com/vladsch/flexmark/flexmark-ext-gfm-tasklist/0.34.30/flexmark-ext-gfm-tasklist-0.34.30.jar:/Users/rakeshprabhakaran/.m2/repository/com/vladsch/flexmark/flexmark-ext-gfm-users/0.34.30/flexmark-ext-gfm-users-0.34.30.jar:/Users/rakeshprabhakaran/.m2/repository/com/vladsch/flexmark/flexmark-ext-gitlab/0.34.30/flexmark-ext-gitlab-0.34.30.jar:/Users/rakeshprabhakaran/.m2/repository/com/vladsch/flexmark/flexmark-ext-jekyll-front-matter/0.34.30/flexmark-ext-jekyll-front-matter-0.34.30.jar:/Users/rakeshprabhakaran/.m2/repository/com/vladsch/flexmark/flexmark-ext-jekyll-tag/0.34.30/flexmark-ext-jekyll-tag-0.34.30.jar:/Users/rakeshprabhakaran/.m2/repository/com/vladsch/flexmark/flexmark-ext-media-tags/0.34.30/flexmark-ext-media-tags-0.34.30.jar:/Users/rakeshprabhakaran/.m2/repository/com/vladsch/flexmark/flexmark-test-util/0.34.30/flexmark-test-util-0.34.30.jar:/Users/rakeshprabhakaran/.m2/repository/com/vladsch/flexmark/flexmark-ext-ins/0.34.30/flexmark-ext-ins-0.34.30.jar:/Users/rakeshprabhakaran/.m2/repository/com/vladsch/flexmark/flexmark-ext-xwiki-macros/0.34.30/flexmark-ext-xwiki-macros-0.34.30.jar:/Users/rakeshprabhakaran/.m2/repository/com/vladsch/flexmark/flexmark-ext-superscript/0.34.30/flexmark-ext-superscript-0.34.30.jar:/Users/rakeshprabhakaran/.m2/repository/com/vladsch/flexmark/flexmark-ext-tables/0.34.30/flexmark-ext-tables-0.34.30.jar:/Users/rakeshprabhakaran/.m2/repository/com/vladsch/flexmark/flexmark-ext-toc/0.34.30/flexmark-ext-toc-0.34.30.jar:/Users/rakeshprabhakaran/.m2/repository/com/vladsch/flexmark/flexmark-ext-typographic/0.34.30/flexmark-ext-typographic-0.34.30.jar:/Users/rakeshprabhakaran/.m2/repository/com/vladsch/flexmark/flexmark-ext-wikilink/0.34.30/flexmark-ext-wikilink-0.34.30.jar:/Users/rakeshprabhakaran/.m2/repository/com/vladsch/flexmark/flexmark-ext-yaml-front-matter/0.34.30/flexmark-ext-yaml-front-matter-0.34.30.jar:/Users/rakeshprabhakaran/.m2/repository/com/vladsch/flexmark/flexmark-ext-youtube-embedded/0.34.30/flexmark-ext-youtube-embedded-0.34.30.jar:/Users/rakeshprabhakaran/.m2/repository/com/vladsch/flexmark/flexmark-formatter/0.34.30/flexmark-formatter-0.34.30.jar:/Users/rakeshprabhakaran/.m2/repository/com/vladsch/flexmark/flexmark-html-parser/0.34.30/flexmark-html-parser-0.34.30.jar:/Users/rakeshprabhakaran/.m2/repository/com/vladsch/flexmark/flexmark-jira-converter/0.34.30/flexmark-jira-converter-0.34.30.jar:/Users/rakeshprabhakaran/.m2/repository/com/vladsch/flexmark/flexmark-pdf-converter/0.34.30/flexmark-pdf-converter-0.34.30.jar:/Users/rakeshprabhakaran/.m2/repository/com/openhtmltopdf/openhtmltopdf-core/0.0.1-RC13/openhtmltopdf-core-0.0.1-RC13.jar:/Users/rakeshprabhakaran/.m2/repository/com/openhtmltopdf/openhtmltopdf-pdfbox/0.0.1-RC13/openhtmltopdf-pdfbox-0.0.1-RC13.jar:/Users/rakeshprabhakaran/.m2/repository/org/apache/pdfbox/pdfbox/2.0.8/pdfbox-2.0.8.jar:/Users/rakeshprabhakaran/.m2/repository/org/apache/pdfbox/fontbox/2.0.8/fontbox-2.0.8.jar:/Users/rakeshprabhakaran/.m2/repository/org/apache/pdfbox/xmpbox/2.0.8/xmpbox-2.0.8.jar:/Users/rakeshprabhakaran/.m2/repository/de/rototor/pdfbox/graphics2d/0.12/graphics2d-0.12.jar:/Users/rakeshprabhakaran/.m2/repository/com/openhtmltopdf/openhtmltopdf-rtl-support/0.0.1-RC13/openhtmltopdf-rtl-support-0.0.1-RC13.jar:/Users/rakeshprabhakaran/.m2/repository/com/ibm/icu/icu4j/59.1/icu4j-59.1.jar:/Users/rakeshprabhakaran/.m2/repository/com/openhtmltopdf/openhtmltopdf-jsoup-dom-converter/0.0.1-RC13/openhtmltopdf-jsoup-dom-converter-0.0.1-RC13.jar:/Users/rakeshprabhakaran/.m2/repository/com/vladsch/flexmark/flexmark-profile-pegdown/0.34.30/flexmark-profile-pegdown-0.34.30.jar:/Users/rakeshprabhakaran/.m2/repository/com/vladsch/flexmark/flexmark-util/0.34.30/flexmark-util-0.34.30.jar:/Users/rakeshprabhakaran/.m2/repository/com/vladsch/flexmark/flexmark-youtrack-converter/0.34.30/flexmark-youtrack-converter-0.34.30.jar:/Users/rakeshprabhakaran/.m2/repository/net/serenity-bdd/serenity-rest-assured/2.0.69/serenity-rest-assured-2.0.69.jar:/Users/rakeshprabhakaran/.m2/repository/io/rest-assured/rest-assured/3.3.0/rest-assured-3.3.0.jar:/Users/rakeshprabhakaran/.m2/repository/org/ccil/cowan/tagsoup/tagsoup/1.2.1/tagsoup-1.2.1.jar:/Users/rakeshprabhakaran/.m2/repository/io/rest-assured/json-path/3.3.0/json-path-3.3.0.jar:/Users/rakeshprabhakaran/.m2/repository/io/rest-assured/rest-assured-common/3.3.0/rest-assured-common-3.3.0.jar:/Users/rakeshprabhakaran/.m2/repository/io/rest-assured/xml-path/3.3.0/xml-path-3.3.0.jar:/Users/rakeshprabhakaran/.m2/repository/com/sun/xml/bind/jaxb-osgi/2.2.10/jaxb-osgi-2.2.10.jar:/Users/rakeshprabhakaran/.m2/repository/org/apache/sling/org.apache.sling.javax.activation/0.1.0/org.apache.sling.javax.activation-0.1.0.jar:/Users/rakeshprabhakaran/.m2/repository/org/codehaus/groovy/groovy-xml/2.5.5/groovy-xml-2.5.5.jar:/Users/rakeshprabhakaran/.m2/repository/org/codehaus/groovy/groovy-json/2.5.5/groovy-json-2.5.5.jar:/Users/rakeshprabhakaran/.m2/repository/net/serenity-bdd/serenity-junit/2.0.69/serenity-junit-2.0.69.jar:/Users/rakeshprabhakaran/.m2/repository/ch/qos/logback/logback-classic/1.0.13/logback-classic-1.0.13.jar:/Users/rakeshprabhakaran/.m2/repository/ch/qos/logback/logback-core/1.0.13/logback-core-1.0.13.jar:/Users/rakeshprabhakaran/.m2/repository/junit/junit/4.12/junit-4.12.jar:/Users/rakeshprabhakaran/.m2/repository/org/assertj/assertj-core/3.6.2/assertj-core-3.6.2.jar:/Users/rakeshprabhakaran/.m2/repository/org/hamcrest/hamcrest-all/1.3/hamcrest-all-1.3.jar:"/>
    <property name="sun.cpu.endian" value="little"/>
    <property name="user.home" value="/Users/rakeshprabhakaran"/>
    <property name="user.language" value="en"/>
    <property name="java.specification.vendor" value="Oracle Corporation"/>
    <property name="java.version.date" value="2019-07-16"/>
    <property name="java.home" value="/Library/Java/JavaVirtualMachines/jdk-12.0.2.jdk/Contents/Home"/>
    <property name="file.separator" value="/"/>
    <property name="basedir" value="/Users/rakeshprabhakaran/rakesh/java_test/test_project"/>
    <property name="java.vm.compressedOopsMode" value="Zero based"/>
    <property name="line.separator" value="&#10;"/>
    <property name="java.vm.specification.vendor" value="Oracle Corporation"/>
    <property name="java.specification.name" value="Java Platform API Specification"/>
    <property name="java.awt.graphicsenv" value="sun.awt.CGraphicsEnvironment"/>
    <property name="surefire.real.class.path" value="/Users/rakeshprabhakaran/rakesh/java_test/test_project/target/surefire/surefirebooter5089937295759670111.jar"/>
    <property name="sun.management.compiler" value="HotSpot 64-Bit Tiered Compilers"/>
    <property name="ftp.nonProxyHosts" value="local|*.local|169.254/16|*.169.254/16"/>
    <property name="java.runtime.version" value="12.0.2+10"/>
    <property name="user.name" value="rakeshprabhakaran"/>
    <property name="path.separator" value=":"/>
    <property name="os.version" value="10.14.4"/>
    <property name="java.runtime.name" value="Java(TM) SE Runtime Environment"/>
    <property name="file.encoding" value="US-ASCII"/>
    <property name="webdriver.base.url" value=""/>
    <property name="java.vm.name" value="Java HotSpot(TM) 64-Bit Server VM"/>
    <property name="localRepository" value="/Users/rakeshprabhakaran/.m2/repository"/>
    <property name="java.vendor.url.bug" value="https://bugreport.java.com/bugreport/"/>
    <property name="java.io.tmpdir" value="/var/folders/bb/qq0dw5sj1p14vrwpjw06bwjr0000gn/T/"/>
    <property name="java.version" value="12.0.2"/>
    <property name="user.dir" value="/Users/rakeshprabhakaran/rakesh/java_test/test_project"/>
    <property name="os.arch" value="x86_64"/>
    <property name="java.vm.specification.name" value="Java Virtual Machine Specification"/>
    <property name="java.library.path" value="/Users/rakeshprabhakaran/Library/Java/Extensions:/Library/Java/Extensions:/Network/Library/Java/Extensions:/System/Library/Java/Extensions:/usr/lib/java:."/>
    <property name="java.vm.info" value="mixed mode, sharing"/>
    <property name="java.vendor" value="Oracle Corporation"/>
    <property name="java.vm.version" value="12.0.2+10"/>
    <property name="sun.io.unicode.encoding" value="UnicodeBig"/>
    <property name="socksNonProxyHosts" value="local|*.local|169.254/16|*.169.254/16"/>
    <property name="java.class.version" value="56.0"/>
  </properties>
  <testcase name="verifyThatUserCanQueryCurrentWeatherWithPostCode" classname="com.test.rest.api.SerenityTest" time="11.447">
    <failure message="1 expectation failed.&#10;JSON path data[0].weather.description doesn&apos;t match.&#10;Expected: is &quot;Clear sky&quot;&#10;  Actual: Overcast clouds&#10;" type="java.lang.AssertionError">java.lang.AssertionError: 
1 expectation failed.
JSON path data[0].weather.description doesn't match.
Expected: is "Clear sky"
  Actual: Overcast clouds

	at com.test.rest.api.SerenityTest.verifyThatUserCanQueryCurrentWeatherWithPostCode(SerenityTest.java:21)
</failure>
    <system-out><![CDATA[20:15:04.440 [pool-1-thread-1] INFO  n.t.c.steps.ConsoleLoggingListener - 

-------------------------------------------------------------------------------------
     _______. _______ .______       _______ .__   __.  __  .___________.____    ____ 
    /       ||   ____||   _  \     |   ____||  \ |  | |  | |           |\   \  /   / 
   |   (----`|  |__   |  |_)  |    |  |__   |   \|  | |  | `---|  |----` \   \/   /  
    \   \    |   __|  |      /     |   __|  |  . `  | |  |     |  |       \_    _/   
.----)   |   |  |____ |  |\  \----.|  |____ |  |\   | |  |     |  |         |  |     
|_______/    |_______|| _| `._____||_______||__| \__| |__|     |__|         |__|    
                                                                                     
 News and tutorials at http://www.serenity-bdd.info                                  
 Documentation at https://wakaleo.gitbooks.io/the-serenity-book/content/             
 Join the Serenity Community on Rocket Chat at https://serenity-bdd.rocket.chat      
 Serenity BDD Support and Training at http://serenity-bdd.info/#/trainingandsupport  
 Learn Serenity BDD online at http://serenity-dojo.com                               
-------------------------------------------------------------------------------------

20:15:16.308 [pool-1-thread-1] DEBUG n.t.core.requirements.RootDirectory - Resource directories found in /Users/rakeshprabhakaran/rakesh/java_test/test_project in 2 ms: []
20:15:16.360 [pool-1-thread-1] ERROR n.t.c.steps.ConsoleLoggingListener - 
           __  _____ _____ ____ _____   _____ _    ___ _     _____ ____  
  _       / / |_   _| ____/ ___|_   _| |  ___/ \  |_ _| |   | ____|  _ \ 
 (_)_____| |    | | |  _| \___ \ | |   | |_ / _ \  | || |   |  _| | | | |
  _|_____| |    | | | |___ ___) || |   |  _/ ___ \ | || |___| |___| |_| |
 (_)     | |    |_| |_____|____/ |_|   |_|/_/   \_\___|_____|_____|____/ 
          \_\                                                            

TEST FAILED: Verify that user can query current weather with post code
--------------------------------------------------------------------------
20:15:16.376 [pool-1-thread-1] DEBUG n.t.c.steps.ConsoleLoggingListener - RELATED ISSUES: 
20:15:16.557 [pool-1-thread-1] ERROR n.t.c.steps.ConsoleLoggingListener - TEST FAILED AT STEP I should find weather: Clear sky
20:15:16.558 [pool-1-thread-1] ERROR n.t.c.steps.ConsoleLoggingListener - 1 expectation failed.JSON path data[0].weather.description doesn't match.Expected: is "Clear sky"  Actual: Overcast clouds
20:15:18.080 [pool-1-thread-1] ERROR n.t.c.steps.ConsoleLoggingListener - 
           __  _____ _____ ____ _____   _____ _    ___ _     _____ ____  
  _       / / |_   _| ____/ ___|_   _| |  ___/ \  |_ _| |   | ____|  _ \ 
 (_)_____| |    | | |  _| \___ \ | |   | |_ / _ \  | || |   |  _| | | | |
  _|_____| |    | | | |___ ___) || |   |  _/ ___ \ | || |___| |___| |_| |
 (_)     | |    |_| |_____|____/ |_|   |_|/_/   \_\___|_____|_____|____/ 
          \_\                                                            

TEST FAILED: Verify that user can query current weather with location
--------------------------------------------------------------------------
20:15:18.080 [pool-1-thread-1] DEBUG n.t.c.steps.ConsoleLoggingListener - RELATED ISSUES: 
20:15:18.089 [pool-1-thread-1] ERROR n.t.c.steps.ConsoleLoggingListener - TEST FAILED AT STEP I should find weather: Scattered clouds
20:15:18.090 [pool-1-thread-1] ERROR n.t.c.steps.ConsoleLoggingListener - 1 expectation failed.JSON path data[0].weather.description doesn't match.Expected: is "Scattered clouds"  Actual: Few clouds
20:15:19.734 [Finalizer] DEBUG o.a.h.i.conn.DefaultClientConnection - Connection 0.0.0.0:59831<->144.217.247.58:443 closed
20:15:19.769 [pool-1-thread-1] ERROR n.t.c.steps.ConsoleLoggingListener - 
           __  _____ _____ ____ _____   _____ _    ___ _     _____ ____  
  _       / / |_   _| ____/ ___|_   _| |  ___/ \  |_ _| |   | ____|  _ \ 
 (_)_____| |    | | |  _| \___ \ | |   | |_ / _ \  | || |   |  _| | | | |
  _|_____| |    | | | |___ ___) || |   |  _/ ___ \ | || |___| |___| |_| |
 (_)     | |    |_| |_____|____/ |_|   |_|/_/   \_\___|_____|_____|____/ 
          \_\                                                            

TEST FAILED: Verify that user can query current weather with post code negative test
--------------------------------------------------------------------------
20:15:19.775 [pool-1-thread-1] DEBUG n.t.c.steps.ConsoleLoggingListener - RELATED ISSUES: 
20:15:19.784 [pool-1-thread-1] ERROR n.t.c.steps.ConsoleLoggingListener - TEST FAILED AT STEP then I should get status code 400
20:15:19.790 [pool-1-thread-1] ERROR n.t.c.steps.ConsoleLoggingListener - 1 expectation failed.Expected status code <400> but was <200>.
20:15:19.821 [pool-1-thread-1] DEBUG n.t.core.reports.ReportService - Reporting formats: [JSON, HTML]
20:15:19.967 [pool-1-thread-1] DEBUG n.t.core.reports.ReportService - Reporting formats: [JSON, HTML]
20:15:19.982 [pool-1-thread-1] DEBUG n.t.core.reports.ReportService - Generating reports for 3 test outcomes using: net.thucydides.core.reports.json.JSONTestOutcomeReporter@47cb299e
20:15:19.984 [pool-1-thread-1] DEBUG n.t.core.reports.ReportService - Processing test outcome Serenity test:verifyThatUserCanQueryCurrentWeatherWithPostCode
20:15:19.984 [pool-1-thread-1] DEBUG n.t.core.reports.ReportService - net.thucydides.core.reports.json.JSONTestOutcomeReporter@47cb299e: Generating report for test outcome: Serenity test:verifyThatUserCanQueryCurrentWeatherWithPostCode
20:15:20.009 [pool-1-thread-1] DEBUG n.t.c.r.json.JSONTestOutcomeReporter - Generating JSON report for Verify that user can query current weather with post code to file /Users/rakeshprabhakaran/rakesh/java_test/test_project/target/site/serenity/47d136cdb2b7bf9a9e39ff590f9283a2874da9079f82c8ea84ccd35e3e5b02a6.json (using temp file /Users/rakeshprabhakaran/rakesh/java_test/test_project/target/site/serenity/47d136cdb2b7bf9a9e39ff590f9283a2874da9079f82c8ea84ccd35e3e5b02a6.json4db7be8d-884d-451b-babf-9f0110b64c31)
20:15:20.042 [pool-1-thread-2] DEBUG n.t.core.reports.ReportService - Processing test outcome Serenity test:verifyThatUserCanQueryCurrentWeatherWithLocation
20:15:20.042 [pool-1-thread-2] DEBUG n.t.core.reports.ReportService - net.thucydides.core.reports.json.JSONTestOutcomeReporter@47cb299e: Generating report for test outcome: Serenity test:verifyThatUserCanQueryCurrentWeatherWithLocation
20:15:20.042 [pool-1-thread-2] DEBUG n.t.c.r.json.JSONTestOutcomeReporter - Generating JSON report for Verify that user can query current weather with location to file /Users/rakeshprabhakaran/rakesh/java_test/test_project/target/site/serenity/a4152c143b02ed74d34a05b6593d6d3def1bd17e0eff9aaf250df4d40ade291f.json (using temp file /Users/rakeshprabhakaran/rakesh/java_test/test_project/target/site/serenity/a4152c143b02ed74d34a05b6593d6d3def1bd17e0eff9aaf250df4d40ade291f.json1979e1a3-c6c8-4e10-b53f-440d2a6aad14)
20:15:20.058 [pool-1-thread-3] DEBUG n.t.core.reports.ReportService - Processing test outcome Serenity test:verifyThatUserCanQueryCurrentWeatherWithPostCode_negativeTest
20:15:20.058 [pool-1-thread-3] DEBUG n.t.core.reports.ReportService - net.thucydides.core.reports.json.JSONTestOutcomeReporter@47cb299e: Generating report for test outcome: Serenity test:verifyThatUserCanQueryCurrentWeatherWithPostCode_negativeTest
20:15:20.058 [pool-1-thread-3] DEBUG n.t.c.r.json.JSONTestOutcomeReporter - Generating JSON report for Verify that user can query current weather with post code negative test to file /Users/rakeshprabhakaran/rakesh/java_test/test_project/target/site/serenity/995c8b23eef49a01612f502d06e3f443d29c96dbf7ae028df023ca2031a414ef.json (using temp file /Users/rakeshprabhakaran/rakesh/java_test/test_project/target/site/serenity/995c8b23eef49a01612f502d06e3f443d29c96dbf7ae028df023ca2031a414ef.json445a31d1-b96b-417e-8bbd-e2c5613371bb)
20:15:20.098 [pool-1-thread-2] DEBUG n.t.core.reports.ReportService - Processing test outcome Serenity test:verifyThatUserCanQueryCurrentWeatherWithLocation done
20:15:20.112 [pool-1-thread-1] DEBUG n.t.core.reports.ReportService - Processing test outcome Serenity test:verifyThatUserCanQueryCurrentWeatherWithPostCode done
20:15:20.113 [pool-1-thread-3] DEBUG n.t.core.reports.ReportService - Processing test outcome Serenity test:verifyThatUserCanQueryCurrentWeatherWithPostCode_negativeTest done
20:15:20.116 [pool-1-thread-1] DEBUG n.t.core.reports.ReportService - Shutting down executor service
20:15:20.116 [pool-1-thread-1] DEBUG n.t.core.reports.ReportService - Reports generated in: 134 ms
20:15:20.118 [pool-1-thread-1] DEBUG n.t.core.reports.ReportService - Generating reports for 3 test outcomes using: net.thucydides.core.reports.html.HtmlAcceptanceTestReporter@5d4a9b57
20:15:20.119 [pool-2-thread-1] DEBUG n.t.core.reports.ReportService - Processing test outcome Serenity test:verifyThatUserCanQueryCurrentWeatherWithPostCode
20:15:20.120 [pool-2-thread-1] DEBUG n.t.core.reports.ReportService - net.thucydides.core.reports.html.HtmlAcceptanceTestReporter@5d4a9b57: Generating report for test outcome: Serenity test:verifyThatUserCanQueryCurrentWeatherWithPostCode
20:15:20.122 [pool-2-thread-1] DEBUG n.t.c.r.h.HtmlAcceptanceTestReporter - GENERATE TEST OUTCOME REPORT FOR verifyThatUserCanQueryCurrentWeatherWithPostCode in 47d136cdb2b7bf9a9e39ff590f9283a2874da9079f82c8ea84ccd35e3e5b02a6
20:15:20.124 [pool-2-thread-2] DEBUG n.t.core.reports.ReportService - Processing test outcome Serenity test:verifyThatUserCanQueryCurrentWeatherWithLocation
20:15:20.138 [pool-2-thread-2] DEBUG n.t.core.reports.ReportService - net.thucydides.core.reports.html.HtmlAcceptanceTestReporter@5d4a9b57: Generating report for test outcome: Serenity test:verifyThatUserCanQueryCurrentWeatherWithLocation
20:15:20.139 [pool-2-thread-2] DEBUG n.t.c.r.h.HtmlAcceptanceTestReporter - GENERATE TEST OUTCOME REPORT FOR verifyThatUserCanQueryCurrentWeatherWithLocation in a4152c143b02ed74d34a05b6593d6d3def1bd17e0eff9aaf250df4d40ade291f
20:15:20.143 [pool-2-thread-1] DEBUG n.t.c.r.RequirementsTagProvider -  found:[]
20:15:20.143 [pool-2-thread-2] DEBUG n.t.c.r.RequirementsTagProvider -  found:[]
20:15:20.143 [pool-2-thread-3] DEBUG n.t.core.reports.ReportService - Processing test outcome Serenity test:verifyThatUserCanQueryCurrentWeatherWithPostCode_negativeTest
20:15:20.143 [pool-2-thread-3] DEBUG n.t.core.reports.ReportService - net.thucydides.core.reports.html.HtmlAcceptanceTestReporter@5d4a9b57: Generating report for test outcome: Serenity test:verifyThatUserCanQueryCurrentWeatherWithPostCode_negativeTest
20:15:20.145 [pool-2-thread-3] DEBUG n.t.c.r.h.HtmlAcceptanceTestReporter - GENERATE TEST OUTCOME REPORT FOR verifyThatUserCanQueryCurrentWeatherWithPostCode_negativeTest in 995c8b23eef49a01612f502d06e3f443d29c96dbf7ae028df023ca2031a414ef
20:15:20.145 [pool-2-thread-3] DEBUG n.t.c.r.RequirementsTagProvider -  found:[]
20:15:20.159 [pool-2-thread-2] DEBUG n.t.c.r.RequirementsTagProvider -  found:[]
20:15:20.159 [pool-2-thread-1] DEBUG n.t.c.r.RequirementsTagProvider -  found:[]
20:15:20.159 [pool-2-thread-3] DEBUG n.t.c.r.RequirementsTagProvider -  found:[]
20:15:20.298 [pool-2-thread-2] DEBUG n.t.c.r.h.HtmlAcceptanceTestReporter - GENERATING HTML REPORT FOR Serenity test:verifyThatUserCanQueryCurrentWeatherWithLocation in a4152c143b02ed74d34a05b6593d6d3def1bd17e0eff9aaf250df4d40ade291f.html in directory target/site/serenity  
20:15:20.301 [pool-2-thread-2] DEBUG n.t.c.r.h.HtmlAcceptanceTestReporter - Generating report in a4152c143b02ed74d34a05b6593d6d3def1bd17e0eff9aaf250df4d40ade291f.html
20:15:20.301 [pool-2-thread-3] DEBUG n.t.c.r.h.HtmlAcceptanceTestReporter - GENERATING HTML REPORT FOR Serenity test:verifyThatUserCanQueryCurrentWeatherWithPostCode_negativeTest in 995c8b23eef49a01612f502d06e3f443d29c96dbf7ae028df023ca2031a414ef.html in directory target/site/serenity  
20:15:20.305 [pool-2-thread-1] DEBUG n.t.c.r.h.HtmlAcceptanceTestReporter - GENERATING HTML REPORT FOR Serenity test:verifyThatUserCanQueryCurrentWeatherWithPostCode in 47d136cdb2b7bf9a9e39ff590f9283a2874da9079f82c8ea84ccd35e3e5b02a6.html in directory target/site/serenity  
20:15:20.305 [pool-2-thread-3] DEBUG n.t.c.r.h.HtmlAcceptanceTestReporter - Generating report in 995c8b23eef49a01612f502d06e3f443d29c96dbf7ae028df023ca2031a414ef.html
20:15:20.307 [pool-2-thread-1] DEBUG n.t.c.r.h.HtmlAcceptanceTestReporter - Generating report in 47d136cdb2b7bf9a9e39ff590f9283a2874da9079f82c8ea84ccd35e3e5b02a6.html
20:15:21.008 [pool-2-thread-2] DEBUG n.t.c.r.h.HtmlAcceptanceTestReporter - Generated report a4152c143b02ed74d34a05b6593d6d3def1bd17e0eff9aaf250df4d40ade291f.html in 707 ms
20:15:21.008 [pool-2-thread-2] DEBUG n.t.core.reports.ReportService - Processing test outcome Serenity test:verifyThatUserCanQueryCurrentWeatherWithLocation done
20:15:21.009 [pool-2-thread-3] DEBUG n.t.c.r.h.HtmlAcceptanceTestReporter - Generated report 995c8b23eef49a01612f502d06e3f443d29c96dbf7ae028df023ca2031a414ef.html in 704 ms
20:15:21.009 [pool-2-thread-3] DEBUG n.t.core.reports.ReportService - Processing test outcome Serenity test:verifyThatUserCanQueryCurrentWeatherWithPostCode_negativeTest done
20:15:21.013 [pool-2-thread-1] DEBUG n.t.c.r.h.HtmlAcceptanceTestReporter - Generated report 47d136cdb2b7bf9a9e39ff590f9283a2874da9079f82c8ea84ccd35e3e5b02a6.html in 706 ms
20:15:21.014 [pool-2-thread-1] DEBUG n.t.core.reports.ReportService - Processing test outcome Serenity test:verifyThatUserCanQueryCurrentWeatherWithPostCode done
20:15:21.015 [pool-1-thread-1] DEBUG n.t.core.reports.ReportService - Shutting down executor service
20:15:21.016 [pool-1-thread-1] DEBUG n.t.core.reports.ReportService - Reports generated in: 898 ms
20:15:21.347 [pool-1-thread-1] DEBUG n.t.core.reports.ReportService - Generating report for configuration
20:15:04.836 [pool-1-thread-1] DEBUG n.thucydides.core.steps.StepEventBus - Test suite started for class com.test.rest.api.SerenityTest
20:15:04.861 [pool-1-thread-1] INFO  n.t.c.steps.ConsoleLoggingListener - Test Suite Started: Serenity test
20:15:04.979 [pool-1-thread-1] DEBUG n.t.core.requirements.RootDirectory - Resource directories found in  in 36 ms: []
20:15:05.017 [pool-1-thread-1] INFO  n.t.c.steps.ConsoleLoggingListener - 
 _____ _____ ____ _____   ____ _____  _    ____ _____ _____ ____  
|_   _| ____/ ___|_   _| / ___|_   _|/ \  |  _ \_   _| ____|  _ \ 
  | | |  _| \___ \ | |   \___ \ | | / _ \ | |_) || | |  _| | | | |
  | | | |___ ___) || |    ___) || |/ ___ \|  _ < | | | |___| |_| |
  |_| |_____|____/ |_|   |____/ |_/_/   \_\_| \_\|_| |_____|____/ 
                                                                  

TEST STARTED: verifyThatUserCanQueryCurrentWeatherWithPostCode
-------------------------------------------------------------------
20:15:05.018 [pool-1-thread-1] INFO  net.serenitybdd.core.Serenity - TEST NUMBER: 1
20:15:05.184 [pool-1-thread-1] DEBUG n.t.core.steps.StepInterceptor - STARTING STEP: SerenityTest.verifyThatUserCanQueryCurrentWeatherWithPostCode - I try to search the weather with {0} post code
20:15:11.465 [pool-1-thread-1] DEBUG o.a.h.i.c.BasicClientConnectionManager - Get connection for route {s}->https://api.weatherbit.io:443
20:15:12.308 [pool-1-thread-1] DEBUG o.a.h.i.c.DefaultClientConnectionOperator - Connecting to api.weatherbit.io:443
20:15:14.015 [pool-1-thread-1] DEBUG o.a.h.c.protocol.RequestAddCookies - CookieSpec selected: ignoreCookies
20:15:14.018 [pool-1-thread-1] DEBUG o.a.h.c.protocol.RequestAuthCache - Auth cache not set in the context
20:15:14.018 [pool-1-thread-1] DEBUG o.a.h.c.p.RequestTargetAuthentication - Target auth state: UNCHALLENGED
20:15:14.019 [pool-1-thread-1] DEBUG o.a.h.c.p.RequestProxyAuthentication - Proxy auth state: UNCHALLENGED
20:15:14.019 [pool-1-thread-1] DEBUG o.a.h.impl.client.DefaultHttpClient - Attempt 1 to execute request
20:15:14.020 [pool-1-thread-1] DEBUG o.a.h.i.conn.DefaultClientConnection - Sending request: GET /v2.0/current?postal_code=2150&key=ff3d40689e234c448c6f9efc3c59cb10 HTTP/1.1
20:15:14.021 [pool-1-thread-1] DEBUG org.apache.http.wire -  >> "GET /v2.0/current?postal_code=2150&key=ff3d40689e234c448c6f9efc3c59cb10 HTTP/1.1[\r][\n]"
20:15:14.023 [pool-1-thread-1] DEBUG org.apache.http.wire -  >> "Accept: */*[\r][\n]"
20:15:14.023 [pool-1-thread-1] DEBUG org.apache.http.wire -  >> "Host: api.weatherbit.io[\r][\n]"
20:15:14.023 [pool-1-thread-1] DEBUG org.apache.http.wire -  >> "Connection: Keep-Alive[\r][\n]"
20:15:14.023 [pool-1-thread-1] DEBUG org.apache.http.wire -  >> "User-Agent: Apache-HttpClient/4.5.5 (Java/12.0.2)[\r][\n]"
20:15:14.023 [pool-1-thread-1] DEBUG org.apache.http.wire -  >> "Accept-Encoding: gzip,deflate[\r][\n]"
20:15:14.023 [pool-1-thread-1] DEBUG org.apache.http.wire -  >> "[\r][\n]"
20:15:14.023 [pool-1-thread-1] DEBUG org.apache.http.headers - >> GET /v2.0/current?postal_code=2150&key=ff3d40689e234c448c6f9efc3c59cb10 HTTP/1.1
20:15:14.023 [pool-1-thread-1] DEBUG org.apache.http.headers - >> Accept: */*
20:15:14.024 [pool-1-thread-1] DEBUG org.apache.http.headers - >> Host: api.weatherbit.io
20:15:14.024 [pool-1-thread-1] DEBUG org.apache.http.headers - >> Connection: Keep-Alive
20:15:14.024 [pool-1-thread-1] DEBUG org.apache.http.headers - >> User-Agent: Apache-HttpClient/4.5.5 (Java/12.0.2)
20:15:14.024 [pool-1-thread-1] DEBUG org.apache.http.headers - >> Accept-Encoding: gzip,deflate
20:15:14.348 [pool-1-thread-1] DEBUG org.apache.http.wire -  << "HTTP/1.1 200 OK[\r][\n]"
20:15:14.350 [pool-1-thread-1] DEBUG org.apache.http.wire -  << "Server: openresty/1.11.2.2[\r][\n]"
20:15:14.351 [pool-1-thread-1] DEBUG org.apache.http.wire -  << "Date: Sun, 25 Aug 2019 10:15:14 GMT[\r][\n]"
20:15:14.351 [pool-1-thread-1] DEBUG org.apache.http.wire -  << "Content-Type: application/json; charset=utf-8[\r][\n]"
20:15:14.352 [pool-1-thread-1] DEBUG org.apache.http.wire -  << "Transfer-Encoding: chunked[\r][\n]"
20:15:14.352 [pool-1-thread-1] DEBUG org.apache.http.wire -  << "X-RateLimit-Limit: 1000[\r][\n]"
20:15:14.352 [pool-1-thread-1] DEBUG org.apache.http.wire -  << "X-RateLimit-Remaining: 954[\r][\n]"
20:15:14.352 [pool-1-thread-1] DEBUG org.apache.http.wire -  << "X-RateLimit-Reset: 1566807291[\r][\n]"
20:15:14.352 [pool-1-thread-1] DEBUG org.apache.http.wire -  << "X-Proxy-Cache: MISS[\r][\n]"
20:15:14.352 [pool-1-thread-1] DEBUG org.apache.http.wire -  << "Access-Control-Allow-Origin: *[\r][\n]"
20:15:14.352 [pool-1-thread-1] DEBUG org.apache.http.wire -  << "Access-Control-Allow-Methods: GET, OPTIONS, POST[\r][\n]"
20:15:14.352 [pool-1-thread-1] DEBUG org.apache.http.wire -  << "Access-Control-Allow-Headers: DNT,X-CustomHeader,Keep-Alive,User-Agent,X-Requested-With,If-Modified-Since,Cache-Control,Content-Type,Content-Range,Range[\r][\n]"
20:15:14.352 [pool-1-thread-1] DEBUG org.apache.http.wire -  << "Access-Control-Expose-Headers: DNT,X-CustomHeader,Keep-Alive,User-Agent,X-Requested-With,If-Modified-Since,Cache-Control,Content-Type,Content-Range,Range[\r][\n]"
20:15:14.352 [pool-1-thread-1] DEBUG org.apache.http.wire -  << "X-Cache-Key: api.weatherbit.io/v2.0/current?postal_code=2150&key=ff3d40689e234c448c6f9efc3c59cb10[\r][\n]"
20:15:14.352 [pool-1-thread-1] DEBUG org.apache.http.wire -  << "Content-Encoding: gzip[\r][\n]"
20:15:14.353 [pool-1-thread-1] DEBUG org.apache.http.wire -  << "[\r][\n]"
20:15:14.354 [pool-1-thread-1] DEBUG o.a.h.i.conn.DefaultClientConnection - Receiving response: HTTP/1.1 200 OK
20:15:14.354 [pool-1-thread-1] DEBUG org.apache.http.headers - << HTTP/1.1 200 OK
20:15:14.354 [pool-1-thread-1] DEBUG org.apache.http.headers - << Server: openresty/1.11.2.2
20:15:14.354 [pool-1-thread-1] DEBUG org.apache.http.headers - << Date: Sun, 25 Aug 2019 10:15:14 GMT
20:15:14.354 [pool-1-thread-1] DEBUG org.apache.http.headers - << Content-Type: application/json; charset=utf-8
20:15:14.354 [pool-1-thread-1] DEBUG org.apache.http.headers - << Transfer-Encoding: chunked
20:15:14.354 [pool-1-thread-1] DEBUG org.apache.http.headers - << X-RateLimit-Limit: 1000
20:15:14.354 [pool-1-thread-1] DEBUG org.apache.http.headers - << X-RateLimit-Remaining: 954
20:15:14.354 [pool-1-thread-1] DEBUG org.apache.http.headers - << X-RateLimit-Reset: 1566807291
20:15:14.354 [pool-1-thread-1] DEBUG org.apache.http.headers - << X-Proxy-Cache: MISS
20:15:14.354 [pool-1-thread-1] DEBUG org.apache.http.headers - << Access-Control-Allow-Origin: *
20:15:14.354 [pool-1-thread-1] DEBUG org.apache.http.headers - << Access-Control-Allow-Methods: GET, OPTIONS, POST
20:15:14.354 [pool-1-thread-1] DEBUG org.apache.http.headers - << Access-Control-Allow-Headers: DNT,X-CustomHeader,Keep-Alive,User-Agent,X-Requested-With,If-Modified-Since,Cache-Control,Content-Type,Content-Range,Range
20:15:14.354 [pool-1-thread-1] DEBUG org.apache.http.headers - << Access-Control-Expose-Headers: DNT,X-CustomHeader,Keep-Alive,User-Agent,X-Requested-With,If-Modified-Since,Cache-Control,Content-Type,Content-Range,Range
20:15:14.354 [pool-1-thread-1] DEBUG org.apache.http.headers - << X-Cache-Key: api.weatherbit.io/v2.0/current?postal_code=2150&key=ff3d40689e234c448c6f9efc3c59cb10
20:15:14.355 [pool-1-thread-1] DEBUG org.apache.http.headers - << Content-Encoding: gzip
20:15:14.371 [pool-1-thread-1] DEBUG o.a.h.impl.client.DefaultHttpClient - Connection can be kept alive indefinitely
20:15:14.420 [pool-1-thread-1] DEBUG i.r.i.RequestSpecificationImpl$RestAssuredHttpBuilder - Parsing response as: application/json; charset=utf-8
20:15:14.421 [pool-1-thread-1] DEBUG org.apache.http.wire -  << "1a1[\r][\n]"
20:15:14.422 [pool-1-thread-1] DEBUG org.apache.http.wire -  << "[0x1f][0x8b][0x8][0x0][0x0][0x0][0x0][0x0][0x0][0x3]mR[0xc1]N[0x84]0[0x10][0xbd][0xfb][0x15][0x9b][0x9e][0x1][XX[0xe0]f[0xbc]x[0xd3]d5[0x1e][0xd4]4[0x95][0xd6][0xa5][0xb1][0xb6][0xd8][0x16][0xc8][0xba][0xd9]w[0xda]e[0x8d][0x89]^([0x9d][0x99][0xf7][0xe6][0xcd][0x9b][0x1e][0x10]g[0x9e][0xa1][0xf6][0xe9][0x80]l[0x8f][0xda][0xaa]J[0xd0]`8j[0x91]F[0x9]RF[0xa3][0x96][0x94]$[0xc3][0xb8][0xda]@[0xc2][\n]"
20:15:14.422 [pool-1-thread-1] DEBUG org.apache.http.wire -  << "[0x7]w[0x8c][0xe1][0xdf][0xcb][0xf][0xf1]e[0xb4][0x80][0xca][0xab][0xd1]y[0xcb][0x94]d[0xcf][0x97][0xdb]=[0xd7]b[0xf]H[0xf3]JC[0x5]dsL[0x9a][0x14][0xd7]i^[0xae]p[0xd3][0x96]kHvf[0xd4][0xde][0xee]igx[0xc4]?[0x84][0x98]2#[0x7][0xf6][0xba][0x4][0xee][0xd0][0xa5][0xac][0xaa]M^[0xd5]k[0x9c] g[0x14][0xb3][0xd4]2[0x90][0x15]n[0x9e]yq[0xc6][0xe2]<`[0xa5][0xdf]S[0xcd]b[0xbb][0x1b]f[0xad]t[0xab];f[0xdf]!3K[0xcd][0xa9][0x1b][0x0]H`[0x1a][0xe6]<[0xfd]O[0xd8]}[0x14][0xd6]b|Ft\Z[0xfa]6*[0x5]e[0xce][0x8c][0xbe]O[0xe3]w[0x16][0xce][0xff].[0x81][0xec]v[0xfb][0x8][0x11][0xa7][0x86][0xe0]KN[0xb2]"A[0x93][0x4][0xf9]0EO[0x99][0xde])[0xe8][0x94]6A[0xf5][0xa8][0x9d][0xf0]A[0xf1][0xa6]-[\n]"
20:15:14.422 [pool-1-thread-1] DEBUG org.apache.http.wire -  << "[0xc0]p-[0xe3]8\[0xcc][0x3][0xc4][0xeb][0xc]Lu[0xda][0xcc]18N[0xf1][0x0][0xc3];9[0xc4][0xdf][0xd8]4[0xf6]$M[0xa8][0x1c]5[0x8c]y[0x1a][0xa3][0xcd][0x83][0x9][0xbb]~[0xe1][N[0xf6][0x9]g[0x15][0xc7][0x6][0xfa][0xb4]([0xb2]:"g[0xc1]|/[0x80][0xe7][0x80]d[0x17][0xf6][0x8b]:[0xbc][0xe][0xcb]^[0x1c][0xad]qX[0x11][0x17][0xae][0xb3]r[0xf0]2V[0xdc]N[0xc2]v[0xe0][0xde]j[0xd9][0xd2]1[0x9][0xaf]F[0xfc]1[0x12]<[0x0][0xac][0x17][0x1f][0xc1][0x8e][0xf2][0xb4][0xaa][0x13][0xc3]5)[0xf2][0xc0]+[0x94][0x98]~|)HF@ [0x1b][0x6]z[0xc6][0x1c]_[0x96][0xe7][0x1][0x97][0xe3][0xc5]7[0x1][0xf8]&[0xa8][0x9d][0x2][0x0][0x0]"
20:15:14.422 [pool-1-thread-1] DEBUG org.apache.http.wire -  << "[\r][\n]"
20:15:14.422 [pool-1-thread-1] DEBUG org.apache.http.wire -  << "0[\r][\n]"
20:15:14.422 [pool-1-thread-1] DEBUG org.apache.http.wire -  << "[\r][\n]"
20:15:14.423 [pool-1-thread-1] DEBUG i.r.i.RequestSpecificationImpl$RestAssuredHttpBuilder - Parsed data to instance of: class org.apache.http.conn.EofSensorInputStream
20:15:14.609 [pool-1-thread-1] DEBUG o.a.h.i.c.BasicClientConnectionManager - Releasing connection org.apache.http.impl.conn.ManagedClientConnectionImpl@439aaa2c
20:15:14.609 [pool-1-thread-1] DEBUG o.a.h.i.c.BasicClientConnectionManager - Connection can be kept alive indefinitely
20:15:14.769 [pool-1-thread-1] DEBUG n.t.core.steps.StepInterceptor - STEP DONE: I try to search the weather with {0} post code
20:15:14.772 [pool-1-thread-1] DEBUG n.t.core.steps.StepInterceptor - STARTING STEP: SerenityTest.verifyThatUserCanQueryCurrentWeatherWithPostCode - then I should get status code {0}
20:15:14.894 [pool-1-thread-1] DEBUG n.t.core.steps.StepInterceptor - STEP DONE: then I should get status code {0}
20:15:14.904 [pool-1-thread-1] DEBUG n.t.core.steps.StepInterceptor - STARTING STEP: SerenityTest.verifyThatUserCanQueryCurrentWeatherWithPostCode - iShouldFindWeather
20:15:16.270 [pool-1-thread-1] DEBUG n.t.core.steps.StepInterceptor - STEP FAILED: iShouldFindWeather - 1 expectation failed.
JSON path data[0].weather.description doesn't match.
Expected: is "Clear sky"
  Actual: Overcast clouds

]]></system-out>
  </testcase>
  <testcase name="verifyThatUserCanQueryCurrentWeatherWithLocation" classname="com.test.rest.api.SerenityTest" time="1.504">
    <failure message="1 expectation failed.&#10;JSON path data[0].weather.description doesn&apos;t match.&#10;Expected: is &quot;Scattered clouds&quot;&#10;  Actual: Few clouds&#10;" type="java.lang.AssertionError">java.lang.AssertionError: 
1 expectation failed.
JSON path data[0].weather.description doesn't match.
Expected: is "Scattered clouds"
  Actual: Few clouds

	at com.test.rest.api.SerenityTest.verifyThatUserCanQueryCurrentWeatherWithLocation(SerenityTest.java:35)
</failure>
    <system-out><![CDATA[20:15:16.571 [pool-1-thread-1] INFO  n.t.c.steps.ConsoleLoggingListener - 
 _____ _____ ____ _____   ____ _____  _    ____ _____ _____ ____  
|_   _| ____/ ___|_   _| / ___|_   _|/ \  |  _ \_   _| ____|  _ \ 
  | | |  _| \___ \ | |   \___ \ | | / _ \ | |_) || | |  _| | | | |
  | | | |___ ___) || |    ___) || |/ ___ \|  _ < | | | |___| |_| |
  |_| |_____|____/ |_|   |____/ |_/_/   \_\_| \_\|_| |_____|____/ 
                                                                  

TEST STARTED: verifyThatUserCanQueryCurrentWeatherWithLocation
-------------------------------------------------------------------
20:15:16.571 [pool-1-thread-1] INFO  net.serenitybdd.core.Serenity - TEST NUMBER: 2
20:15:16.605 [pool-1-thread-1] DEBUG n.t.core.steps.StepInterceptor - STARTING STEP: SerenityTest.verifyThatUserCanQueryCurrentWeatherWithLocation - I try to search the weather with {0} latitude and {1} longitude
20:15:16.649 [pool-1-thread-1] DEBUG o.a.h.i.c.BasicClientConnectionManager - Get connection for route {s}->https://api.weatherbit.io:443
20:15:16.650 [pool-1-thread-1] DEBUG o.a.h.i.c.DefaultClientConnectionOperator - Connecting to api.weatherbit.io:443
20:15:17.637 [pool-1-thread-1] DEBUG o.a.h.c.protocol.RequestAddCookies - CookieSpec selected: ignoreCookies
20:15:17.637 [pool-1-thread-1] DEBUG o.a.h.c.protocol.RequestAuthCache - Auth cache not set in the context
20:15:17.637 [pool-1-thread-1] DEBUG o.a.h.c.p.RequestTargetAuthentication - Target auth state: UNCHALLENGED
20:15:17.637 [pool-1-thread-1] DEBUG o.a.h.c.p.RequestProxyAuthentication - Proxy auth state: UNCHALLENGED
20:15:17.637 [pool-1-thread-1] DEBUG o.a.h.impl.client.DefaultHttpClient - Attempt 1 to execute request
20:15:17.637 [pool-1-thread-1] DEBUG o.a.h.i.conn.DefaultClientConnection - Sending request: GET /v2.0/current?lat=78.25&lon=38&key=ff3d40689e234c448c6f9efc3c59cb10 HTTP/1.1
20:15:17.637 [pool-1-thread-1] DEBUG org.apache.http.wire -  >> "GET /v2.0/current?lat=78.25&lon=38&key=ff3d40689e234c448c6f9efc3c59cb10 HTTP/1.1[\r][\n]"
20:15:17.637 [pool-1-thread-1] DEBUG org.apache.http.wire -  >> "Accept: */*[\r][\n]"
20:15:17.637 [pool-1-thread-1] DEBUG org.apache.http.wire -  >> "Host: api.weatherbit.io[\r][\n]"
20:15:17.637 [pool-1-thread-1] DEBUG org.apache.http.wire -  >> "Connection: Keep-Alive[\r][\n]"
20:15:17.637 [pool-1-thread-1] DEBUG org.apache.http.wire -  >> "User-Agent: Apache-HttpClient/4.5.5 (Java/12.0.2)[\r][\n]"
20:15:17.637 [pool-1-thread-1] DEBUG org.apache.http.wire -  >> "Accept-Encoding: gzip,deflate[\r][\n]"
20:15:17.637 [pool-1-thread-1] DEBUG org.apache.http.wire -  >> "[\r][\n]"
20:15:17.638 [pool-1-thread-1] DEBUG org.apache.http.headers - >> GET /v2.0/current?lat=78.25&lon=38&key=ff3d40689e234c448c6f9efc3c59cb10 HTTP/1.1
20:15:17.638 [pool-1-thread-1] DEBUG org.apache.http.headers - >> Accept: */*
20:15:17.638 [pool-1-thread-1] DEBUG org.apache.http.headers - >> Host: api.weatherbit.io
20:15:17.638 [pool-1-thread-1] DEBUG org.apache.http.headers - >> Connection: Keep-Alive
20:15:17.638 [pool-1-thread-1] DEBUG org.apache.http.headers - >> User-Agent: Apache-HttpClient/4.5.5 (Java/12.0.2)
20:15:17.638 [pool-1-thread-1] DEBUG org.apache.http.headers - >> Accept-Encoding: gzip,deflate
20:15:17.877 [pool-1-thread-1] DEBUG org.apache.http.wire -  << "HTTP/1.1 200 OK[\r][\n]"
20:15:17.878 [pool-1-thread-1] DEBUG org.apache.http.wire -  << "Server: openresty/1.11.2.2[\r][\n]"
20:15:17.878 [pool-1-thread-1] DEBUG org.apache.http.wire -  << "Date: Sun, 25 Aug 2019 10:15:17 GMT[\r][\n]"
20:15:17.878 [pool-1-thread-1] DEBUG org.apache.http.wire -  << "Content-Type: application/json; charset=utf-8[\r][\n]"
20:15:17.878 [pool-1-thread-1] DEBUG org.apache.http.wire -  << "Transfer-Encoding: chunked[\r][\n]"
20:15:17.878 [pool-1-thread-1] DEBUG org.apache.http.wire -  << "X-RateLimit-Limit: 1000[\r][\n]"
20:15:17.878 [pool-1-thread-1] DEBUG org.apache.http.wire -  << "X-RateLimit-Remaining: 952[\r][\n]"
20:15:17.878 [pool-1-thread-1] DEBUG org.apache.http.wire -  << "X-RateLimit-Reset: 1566807291[\r][\n]"
20:15:17.878 [pool-1-thread-1] DEBUG org.apache.http.wire -  << "X-Proxy-Cache: HIT[\r][\n]"
20:15:17.878 [pool-1-thread-1] DEBUG org.apache.http.wire -  << "Access-Control-Allow-Origin: *[\r][\n]"
20:15:17.878 [pool-1-thread-1] DEBUG org.apache.http.wire -  << "Access-Control-Allow-Methods: GET, OPTIONS, POST[\r][\n]"
20:15:17.878 [pool-1-thread-1] DEBUG org.apache.http.wire -  << "Access-Control-Allow-Headers: DNT,X-CustomHeader,Keep-Alive,User-Agent,X-Requested-With,If-Modified-Since,Cache-Control,Content-Type,Content-Range,Range[\r][\n]"
20:15:17.878 [pool-1-thread-1] DEBUG org.apache.http.wire -  << "Access-Control-Expose-Headers: DNT,X-CustomHeader,Keep-Alive,User-Agent,X-Requested-With,If-Modified-Since,Cache-Control,Content-Type,Content-Range,Range[\r][\n]"
20:15:17.878 [pool-1-thread-1] DEBUG org.apache.http.wire -  << "X-Cache-Key: api.weatherbit.io/v2.0/current?lat=78.25&lon=38&key=ff3d40689e234c448c6f9efc3c59cb10[\r][\n]"
20:15:17.878 [pool-1-thread-1] DEBUG org.apache.http.wire -  << "Content-Encoding: gzip[\r][\n]"
20:15:17.878 [pool-1-thread-1] DEBUG org.apache.http.wire -  << "[\r][\n]"
20:15:17.879 [pool-1-thread-1] DEBUG o.a.h.i.conn.DefaultClientConnection - Receiving response: HTTP/1.1 200 OK
20:15:17.879 [pool-1-thread-1] DEBUG org.apache.http.headers - << HTTP/1.1 200 OK
20:15:17.879 [pool-1-thread-1] DEBUG org.apache.http.headers - << Server: openresty/1.11.2.2
20:15:17.879 [pool-1-thread-1] DEBUG org.apache.http.headers - << Date: Sun, 25 Aug 2019 10:15:17 GMT
20:15:17.879 [pool-1-thread-1] DEBUG org.apache.http.headers - << Content-Type: application/json; charset=utf-8
20:15:17.879 [pool-1-thread-1] DEBUG org.apache.http.headers - << Transfer-Encoding: chunked
20:15:17.879 [pool-1-thread-1] DEBUG org.apache.http.headers - << X-RateLimit-Limit: 1000
20:15:17.879 [pool-1-thread-1] DEBUG org.apache.http.headers - << X-RateLimit-Remaining: 952
20:15:17.879 [pool-1-thread-1] DEBUG org.apache.http.headers - << X-RateLimit-Reset: 1566807291
20:15:17.879 [pool-1-thread-1] DEBUG org.apache.http.headers - << X-Proxy-Cache: HIT
20:15:17.879 [pool-1-thread-1] DEBUG org.apache.http.headers - << Access-Control-Allow-Origin: *
20:15:17.879 [pool-1-thread-1] DEBUG org.apache.http.headers - << Access-Control-Allow-Methods: GET, OPTIONS, POST
20:15:17.879 [pool-1-thread-1] DEBUG org.apache.http.headers - << Access-Control-Allow-Headers: DNT,X-CustomHeader,Keep-Alive,User-Agent,X-Requested-With,If-Modified-Since,Cache-Control,Content-Type,Content-Range,Range
20:15:17.879 [pool-1-thread-1] DEBUG org.apache.http.headers - << Access-Control-Expose-Headers: DNT,X-CustomHeader,Keep-Alive,User-Agent,X-Requested-With,If-Modified-Since,Cache-Control,Content-Type,Content-Range,Range
20:15:17.880 [pool-1-thread-1] DEBUG org.apache.http.headers - << X-Cache-Key: api.weatherbit.io/v2.0/current?lat=78.25&lon=38&key=ff3d40689e234c448c6f9efc3c59cb10
20:15:17.880 [pool-1-thread-1] DEBUG org.apache.http.headers - << Content-Encoding: gzip
20:15:17.880 [pool-1-thread-1] DEBUG o.a.h.impl.client.DefaultHttpClient - Connection can be kept alive indefinitely
20:15:17.880 [pool-1-thread-1] DEBUG i.r.i.RequestSpecificationImpl$RestAssuredHttpBuilder - Parsing response as: application/json; charset=utf-8
20:15:17.880 [pool-1-thread-1] DEBUG org.apache.http.wire -  << "1cf[\r][\n]"
20:15:17.881 [pool-1-thread-1] DEBUG org.apache.http.wire -  << "[0x1f][0x8b][0x8][0x0][0x0][0x0][0x0][0x0][0x0][0x3]mR[0xcb][0xae][0xd3]0[0x10][0xdd][0xf3][0x15][0x95][0xd7]I[0xb0][0x9d][0x97][0xe3][0x1d][0x12]e[0x3]bq[0x81][\r]\[0x14][0xf9]&[0xa6][0xb5][0x94]k[0x87][0xd8]i[0x14][0xaa]J[0xfc][0x6][0xbf][0xc7][0x97]p[0x9c][0xb6][0x12][0x12][0xac][0xe2][0xcc][0xcc]93[0xe7][0xcc][0x9c]I[0xaf][0x82]"[0xf2][0xcb][0x99]LG"[0x5]M[0xc8][0xe8]z"IO[0x12]28Kd.[0x10][0x9a][0xb4]'[0x92]Q[0xce][0xb2][0xbc]LH0[0xcf][0xfa][0x87][0xb3][0x1a]e[0xaf][0xa6].[0x98][0xee][0xf1][0xe5];g[0xf][0xab]V[0xd3][0xd3][0xaa]-[0x90][0xee][0xa9][0x8d]E([0xe0][0x94]5)[0x15])/w[0x8c]JV"[0xd9][0xb9][0xd9][0x86]im;[0xd7][0xc7][0x8a][0x87]O16[0xb8][0xb9][0x8f]=r[0xd0][0xc7]oYU5[0x17][0x8c][0x15][0x9][0xf1]nPS;)[0x8c][0xc5][0x9b]"[0xab][\n]"
20:15:17.881 [pool-1-thread-1] DEBUG org.apache.http.wire -  << "[0x8c][0xe0][0x83][\n]"
20:15:17.881 [pool-1-thread-1] DEBUG org.apache.http.wire -  << "[0xfa][0xce]P4[0x91][0xc1][0x84][0xb5][0xb5]jk[0xfa]Z[\r][0xbf][0xfe][0xb2]f[0xd5][0xbb][0xcf]z[0xd0]6[0xf8][0x15][0x15][0x8b][0xb1]}[0xeb]G[0xd0]@F^V[0x10][0xa8]|h[0xff]7[0xeb]G[0xda][0xc8][0x92]JJ[0xef][0xb0][0xae]7S[0xfb]m[0x1e][0x6][0x94]i[0xa0]R[0xef][0xe6]p[0x8c][0xaf][0xbf]+[0x90][0xdc][0xd8]#[0xe2][0x87][0xf1][0xe6]W[0xc1][0x12]r2P[0xc4][0x8b][0x8c]E[0xf3][0x8e][0xad][0xb2][0x87][0x1][0xed]`[0xb5][0x9f][0xad][0xd7][0x1](&$[0xab][0x81][0xeb][0xad]![0xb2]*EV[0xd4][0xf8][0xd1][0xcb][0x88]d[0xca][0xb3]h[0x82]u[0xcb][0x86][0x99]O[0xe0][0xca][0xf2][0xa6][0xce][0xeb]m1[0x9d][0x19][0xb7][0xf8]6[0xc4]6[0x3]cb[0xa3][0x9e][0x8c][0x8f][0xaa]([0x93][0x85][0x0][0xf7][0xe1]h[0xae][0x6][\n]"
20:15:17.881 [pool-1-thread-1] DEBUG org.apache.http.wire -  << "([0xef][0xe3]O]f[0x2][0xd4][0xea];[0xde][0x16][0xda][0xa2]!hX[0x8b][0x8c]c[0xd0]E+([0x4][0xdf][0x99][0x98].^[0x2][0xe9]([0x8f]gqs]P[0x16]'[0xd6][0xbe][0x9b][0xcc][0x18][0xcc]V[0xf1]F/[0xbb][0xdb]*/I<-[0xfd][0x8f][0xb5][0xb0][0x5][0xb0][0xa0][0x9f][0xe3][0xd8]Y}][0xe5][0x15][0xbd][0xff][0xf6][0x1]9l[0xec]t7[0x89][0xd3][0xcd][\n]"
20:15:17.881 [pool-1-thread-1] DEBUG org.apache.http.wire -  << "5[0x8e][0xed][0x15][0x92][0xc2][0xc6][0xcb][0xd7][0xdb][0x11]A[0xeb][0xe5][0xc5][0x1f]jSe[0xbf][0xc3][0x2][0x0][0x0]"
20:15:17.881 [pool-1-thread-1] DEBUG org.apache.http.wire -  << "[\r][\n]"
20:15:17.881 [pool-1-thread-1] DEBUG org.apache.http.wire -  << "0[\r][\n]"
20:15:17.881 [pool-1-thread-1] DEBUG org.apache.http.wire -  << "[\r][\n]"
20:15:17.881 [pool-1-thread-1] DEBUG i.r.i.RequestSpecificationImpl$RestAssuredHttpBuilder - Parsed data to instance of: class org.apache.http.conn.EofSensorInputStream
20:15:17.884 [pool-1-thread-1] DEBUG o.a.h.i.c.BasicClientConnectionManager - Releasing connection org.apache.http.impl.conn.ManagedClientConnectionImpl@1af18bd2
20:15:17.884 [pool-1-thread-1] DEBUG o.a.h.i.c.BasicClientConnectionManager - Connection can be kept alive indefinitely
20:15:17.890 [pool-1-thread-1] DEBUG n.t.core.steps.StepInterceptor - STEP DONE: I try to search the weather with {0} latitude and {1} longitude
20:15:17.910 [pool-1-thread-1] DEBUG n.t.core.steps.StepInterceptor - STARTING STEP: SerenityTest.verifyThatUserCanQueryCurrentWeatherWithLocation - then I should get status code {0}
20:15:17.920 [pool-1-thread-1] DEBUG n.t.core.steps.StepInterceptor - STEP DONE: then I should get status code {0}
20:15:17.924 [pool-1-thread-1] DEBUG n.t.core.steps.StepInterceptor - STARTING STEP: SerenityTest.verifyThatUserCanQueryCurrentWeatherWithLocation - iShouldFindWeather
20:15:18.072 [pool-1-thread-1] DEBUG n.t.core.steps.StepInterceptor - STEP FAILED: iShouldFindWeather - 1 expectation failed.
JSON path data[0].weather.description doesn't match.
Expected: is "Scattered clouds"
  Actual: Few clouds

]]></system-out>
  </testcase>
  <testcase name="verifyThatUserCanQueryCurrentWeatherWithPostCode_negativeTest" classname="com.test.rest.api.SerenityTest" time="1.611">
    <failure message="1 expectation failed.&#10;Expected status code &lt;400&gt; but was &lt;200&gt;.&#10;" type="java.lang.AssertionError"><![CDATA[java.lang.AssertionError: 
1 expectation failed.
Expected status code <400> but was <200>.

	at com.test.rest.api.SerenityTest.verifyThatUserCanQueryCurrentWeatherWithPostCode_negativeTest(SerenityTest.java:27)
]]></failure>
    <system-out><![CDATA[20:15:18.153 [pool-1-thread-1] INFO  n.t.c.steps.ConsoleLoggingListener - 
 _____ _____ ____ _____   ____ _____  _    ____ _____ _____ ____  
|_   _| ____/ ___|_   _| / ___|_   _|/ \  |  _ \_   _| ____|  _ \ 
  | | |  _| \___ \ | |   \___ \ | | / _ \ | |_) || | |  _| | | | |
  | | | |___ ___) || |    ___) || |/ ___ \|  _ < | | | |___| |_| |
  |_| |_____|____/ |_|   |____/ |_/_/   \_\_| \_\|_| |_____|____/ 
                                                                  

TEST STARTED: verifyThatUserCanQueryCurrentWeatherWithPostCode_negativeTest
-------------------------------------------------------------------
20:15:18.153 [pool-1-thread-1] INFO  net.serenitybdd.core.Serenity - TEST NUMBER: 3
20:15:18.155 [pool-1-thread-1] DEBUG n.t.core.steps.StepInterceptor - STARTING STEP: SerenityTest.verifyThatUserCanQueryCurrentWeatherWithPostCode_negativeTest - I try to search the weather with {0} post code
20:15:18.237 [pool-1-thread-1] DEBUG o.a.h.i.c.BasicClientConnectionManager - Get connection for route {s}->https://api.weatherbit.io:443
20:15:18.237 [pool-1-thread-1] DEBUG o.a.h.i.c.DefaultClientConnectionOperator - Connecting to api.weatherbit.io:443
20:15:19.468 [pool-1-thread-1] DEBUG o.a.h.c.protocol.RequestAddCookies - CookieSpec selected: ignoreCookies
20:15:19.469 [pool-1-thread-1] DEBUG o.a.h.c.protocol.RequestAuthCache - Auth cache not set in the context
20:15:19.469 [pool-1-thread-1] DEBUG o.a.h.c.p.RequestTargetAuthentication - Target auth state: UNCHALLENGED
20:15:19.469 [pool-1-thread-1] DEBUG o.a.h.c.p.RequestProxyAuthentication - Proxy auth state: UNCHALLENGED
20:15:19.469 [pool-1-thread-1] DEBUG o.a.h.impl.client.DefaultHttpClient - Attempt 1 to execute request
20:15:19.469 [pool-1-thread-1] DEBUG o.a.h.i.conn.DefaultClientConnection - Sending request: GET /v2.0/current?postal_code=2150&key=ff3d40689e234c448c6f9efc3c59cb10 HTTP/1.1
20:15:19.469 [pool-1-thread-1] DEBUG org.apache.http.wire -  >> "GET /v2.0/current?postal_code=2150&key=ff3d40689e234c448c6f9efc3c59cb10 HTTP/1.1[\r][\n]"
20:15:19.469 [pool-1-thread-1] DEBUG org.apache.http.wire -  >> "Accept: */*[\r][\n]"
20:15:19.469 [pool-1-thread-1] DEBUG org.apache.http.wire -  >> "Host: api.weatherbit.io[\r][\n]"
20:15:19.469 [pool-1-thread-1] DEBUG org.apache.http.wire -  >> "Connection: Keep-Alive[\r][\n]"
20:15:19.470 [pool-1-thread-1] DEBUG org.apache.http.wire -  >> "User-Agent: Apache-HttpClient/4.5.5 (Java/12.0.2)[\r][\n]"
20:15:19.470 [pool-1-thread-1] DEBUG org.apache.http.wire -  >> "Accept-Encoding: gzip,deflate[\r][\n]"
20:15:19.470 [pool-1-thread-1] DEBUG org.apache.http.wire -  >> "[\r][\n]"
20:15:19.470 [pool-1-thread-1] DEBUG org.apache.http.headers - >> GET /v2.0/current?postal_code=2150&key=ff3d40689e234c448c6f9efc3c59cb10 HTTP/1.1
20:15:19.470 [pool-1-thread-1] DEBUG org.apache.http.headers - >> Accept: */*
20:15:19.470 [pool-1-thread-1] DEBUG org.apache.http.headers - >> Host: api.weatherbit.io
20:15:19.470 [pool-1-thread-1] DEBUG org.apache.http.headers - >> Connection: Keep-Alive
20:15:19.470 [pool-1-thread-1] DEBUG org.apache.http.headers - >> User-Agent: Apache-HttpClient/4.5.5 (Java/12.0.2)
20:15:19.470 [pool-1-thread-1] DEBUG org.apache.http.headers - >> Accept-Encoding: gzip,deflate
20:15:19.704 [pool-1-thread-1] DEBUG org.apache.http.wire -  << "HTTP/1.1 200 OK[\r][\n]"
20:15:19.704 [pool-1-thread-1] DEBUG org.apache.http.wire -  << "Server: openresty/1.11.2.2[\r][\n]"
20:15:19.704 [pool-1-thread-1] DEBUG org.apache.http.wire -  << "Date: Sun, 25 Aug 2019 10:15:19 GMT[\r][\n]"
20:15:19.704 [pool-1-thread-1] DEBUG org.apache.http.wire -  << "Content-Type: application/json; charset=utf-8[\r][\n]"
20:15:19.704 [pool-1-thread-1] DEBUG org.apache.http.wire -  << "Transfer-Encoding: chunked[\r][\n]"
20:15:19.704 [pool-1-thread-1] DEBUG org.apache.http.wire -  << "X-RateLimit-Limit: 1000[\r][\n]"
20:15:19.704 [pool-1-thread-1] DEBUG org.apache.http.wire -  << "X-RateLimit-Remaining: 951[\r][\n]"
20:15:19.704 [pool-1-thread-1] DEBUG org.apache.http.wire -  << "X-RateLimit-Reset: 1566807291[\r][\n]"
20:15:19.705 [pool-1-thread-1] DEBUG org.apache.http.wire -  << "X-Proxy-Cache: HIT[\r][\n]"
20:15:19.705 [pool-1-thread-1] DEBUG org.apache.http.wire -  << "Access-Control-Allow-Origin: *[\r][\n]"
20:15:19.705 [pool-1-thread-1] DEBUG org.apache.http.wire -  << "Access-Control-Allow-Methods: GET, OPTIONS, POST[\r][\n]"
20:15:19.705 [pool-1-thread-1] DEBUG org.apache.http.wire -  << "Access-Control-Allow-Headers: DNT,X-CustomHeader,Keep-Alive,User-Agent,X-Requested-With,If-Modified-Since,Cache-Control,Content-Type,Content-Range,Range[\r][\n]"
20:15:19.705 [pool-1-thread-1] DEBUG org.apache.http.wire -  << "Access-Control-Expose-Headers: DNT,X-CustomHeader,Keep-Alive,User-Agent,X-Requested-With,If-Modified-Since,Cache-Control,Content-Type,Content-Range,Range[\r][\n]"
20:15:19.705 [pool-1-thread-1] DEBUG org.apache.http.wire -  << "X-Cache-Key: api.weatherbit.io/v2.0/current?postal_code=2150&key=ff3d40689e234c448c6f9efc3c59cb10[\r][\n]"
20:15:19.705 [pool-1-thread-1] DEBUG org.apache.http.wire -  << "Content-Encoding: gzip[\r][\n]"
20:15:19.705 [pool-1-thread-1] DEBUG org.apache.http.wire -  << "[\r][\n]"
20:15:19.706 [pool-1-thread-1] DEBUG o.a.h.i.conn.DefaultClientConnection - Receiving response: HTTP/1.1 200 OK
20:15:19.706 [pool-1-thread-1] DEBUG org.apache.http.headers - << HTTP/1.1 200 OK
20:15:19.706 [pool-1-thread-1] DEBUG org.apache.http.headers - << Server: openresty/1.11.2.2
20:15:19.706 [pool-1-thread-1] DEBUG org.apache.http.headers - << Date: Sun, 25 Aug 2019 10:15:19 GMT
20:15:19.706 [pool-1-thread-1] DEBUG org.apache.http.headers - << Content-Type: application/json; charset=utf-8
20:15:19.706 [pool-1-thread-1] DEBUG org.apache.http.headers - << Transfer-Encoding: chunked
20:15:19.706 [pool-1-thread-1] DEBUG org.apache.http.headers - << X-RateLimit-Limit: 1000
20:15:19.706 [pool-1-thread-1] DEBUG org.apache.http.headers - << X-RateLimit-Remaining: 951
20:15:19.706 [pool-1-thread-1] DEBUG org.apache.http.headers - << X-RateLimit-Reset: 1566807291
20:15:19.706 [pool-1-thread-1] DEBUG org.apache.http.headers - << X-Proxy-Cache: HIT
20:15:19.706 [pool-1-thread-1] DEBUG org.apache.http.headers - << Access-Control-Allow-Origin: *
20:15:19.706 [pool-1-thread-1] DEBUG org.apache.http.headers - << Access-Control-Allow-Methods: GET, OPTIONS, POST
20:15:19.706 [pool-1-thread-1] DEBUG org.apache.http.headers - << Access-Control-Allow-Headers: DNT,X-CustomHeader,Keep-Alive,User-Agent,X-Requested-With,If-Modified-Since,Cache-Control,Content-Type,Content-Range,Range
20:15:19.706 [pool-1-thread-1] DEBUG org.apache.http.headers - << Access-Control-Expose-Headers: DNT,X-CustomHeader,Keep-Alive,User-Agent,X-Requested-With,If-Modified-Since,Cache-Control,Content-Type,Content-Range,Range
20:15:19.706 [pool-1-thread-1] DEBUG org.apache.http.headers - << X-Cache-Key: api.weatherbit.io/v2.0/current?postal_code=2150&key=ff3d40689e234c448c6f9efc3c59cb10
20:15:19.706 [pool-1-thread-1] DEBUG org.apache.http.headers - << Content-Encoding: gzip
20:15:19.706 [pool-1-thread-1] DEBUG o.a.h.impl.client.DefaultHttpClient - Connection can be kept alive indefinitely
20:15:19.707 [pool-1-thread-1] DEBUG i.r.i.RequestSpecificationImpl$RestAssuredHttpBuilder - Parsing response as: application/json; charset=utf-8
20:15:19.707 [pool-1-thread-1] DEBUG org.apache.http.wire -  << "1a1[\r][\n]"
20:15:19.707 [pool-1-thread-1] DEBUG org.apache.http.wire -  << "[0x1f][0x8b][0x8][0x0][0x0][0x0][0x0][0x0][0x0][0x3]mR[0xc1]N[0x84]0[0x10][0xbd][0xfb][0x15][0x9b][0x9e][0x1][XX[0xe0]f[0xbc]x[0xd3]d5[0x1e][0xd4]4[0x95][0xd6][0xa5][0xb1][0xb6][0xd8][0x16][0xc8][0xba][0xd9]w[0xda]e[0x8d][0x89]^([0x9d][0x99][0xf7][0xe6][0xcd][0x9b][0x1e][0x10]g[0x9e][0xa1][0xf6][0xe9][0x80]l[0x8f][0xda][0xaa]J[0xd0]`8j[0x91]F[0x9]RF[0xa3][0x96][0x94]$[0xc3][0xb8][0xda]@[0xc2][\n]"
20:15:19.707 [pool-1-thread-1] DEBUG org.apache.http.wire -  << "[0x7]w[0x8c][0xe1][0xdf][0xcb][0xf][0xf1]e[0xb4][0x80][0xca][0xab][0xd1]y[0xcb][0x94]d[0xcf][0x97][0xdb]=[0xd7]b[0xf]H[0xf3]JC[0x5]dsL[0x9a][0x14][0xd7]i^[0xae]p[0xd3][0x96]kHvf[0xd4][0xde][0xee]igx[0xc4]?[0x84][0x98]2#[0x7][0xf6][0xba][0x4][0xee][0xd0][0xa5][0xac][0xaa]M^[0xd5]k[0x9c] g[0x14][0xb3][0xd4]2[0x90][0x15]n[0x9e]yq[0xc6][0xe2]<`[0xa5][0xdf]S[0xcd]b[0xbb][0x1b]f[0xad]t[0xab];f[0xdf]!3K[0xcd][0xa9][0x1b][0x0]H`[0x1a][0xe6]<[0xfd]O[0xd8]}[0x14][0xd6]b|Ft\Z[0xfa]6*[0x5]e[0xce][0x8c][0xbe]O[0xe3]w[0x16][0xce][0xff].[0x81][0xec]v[0xfb][0x8][0x11][0xa7][0x86][0xe0]KN[0xb2]"A[0x93][0x4][0xf9]0EO[0x99][0xde])[0xe8][0x94]6A[0xf5][0xa8][0x9d][0xf0]A[0xf1][0xa6]-[\n]"
20:15:19.707 [pool-1-thread-1] DEBUG org.apache.http.wire -  << "[0xc0]p-[0xe3]8\[0xcc][0x3][0xc4][0xeb][0xc]Lu[0xda][0xcc]18N[0xf1][0x0][0xc3];9[0xc4][0xdf][0xd8]4[0xf6]$M[0xa8][0x1c]5[0x8c]y[0x1a][0xa3][0xcd][0x83][0x9][0xbb]~[0xe1][N[0xf6][0x9]g[0x15][0xc7][0x6][0xfa][0xb4]([0xb2]:"g[0xc1]|/[0x80][0xe7][0x80]d[0x17][0xf6][0x8b]:[0xbc][0xe][0xcb]^[0x1c][0xad]qX[0x11][0x17][0xae][0xb3]r[0xf0]2V[0xdc]N[0xc2]v[0xe0][0xde]j[0xd9][0xd2]1[0x9][0xaf]F[0xfc]1[0x12]<[0x0][0xac][0x17][0x1f][0xc1][0x8e][0xf2][0xb4][0xaa][0x13][0xc3]5)[0xf2][0xc0]+[0x94][0x98]~|)HF@ [0x1b][0x6]z[0xc6][0x1c]_[0x96][0xe7][0x1][0x97][0xe3][0xc5]7[0x1][0xf8]&[0xa8][0x9d][0x2][0x0][0x0]"
20:15:19.707 [pool-1-thread-1] DEBUG org.apache.http.wire -  << "[\r][\n]"
20:15:19.707 [pool-1-thread-1] DEBUG org.apache.http.wire -  << "0[\r][\n]"
20:15:19.707 [pool-1-thread-1] DEBUG org.apache.http.wire -  << "[\r][\n]"
20:15:19.707 [pool-1-thread-1] DEBUG i.r.i.RequestSpecificationImpl$RestAssuredHttpBuilder - Parsed data to instance of: class org.apache.http.conn.EofSensorInputStream
20:15:19.710 [pool-1-thread-1] DEBUG o.a.h.i.c.BasicClientConnectionManager - Releasing connection org.apache.http.impl.conn.ManagedClientConnectionImpl@7659b6e0
20:15:19.710 [pool-1-thread-1] DEBUG o.a.h.i.c.BasicClientConnectionManager - Connection can be kept alive indefinitely
20:15:19.714 [pool-1-thread-1] DEBUG n.t.core.steps.StepInterceptor - STEP DONE: I try to search the weather with {0} post code
20:15:19.715 [pool-1-thread-1] DEBUG n.t.core.steps.StepInterceptor - STARTING STEP: SerenityTest.verifyThatUserCanQueryCurrentWeatherWithPostCode_negativeTest - then I should get status code {0}
20:15:19.748 [pool-1-thread-1] DEBUG n.t.core.steps.StepInterceptor - STEP FAILED: then I should get status code {0} - 1 expectation failed.
Expected status code <400> but was <200>.

]]></system-out>
  </testcase>
</testsuite>